[H[J[1;1H[?25l[m[H[J[1;1H[2;30HGNU GRUB  version 2.06

[m[4;2H+----------------------------------------------------------------------------+[5;2H|[5;79H|[6;2H|[6;79H|[7;2H|[7;79H|[8;2H|[8;79H|[9;2H|[9;79H|[10;2H|[10;79H|[11;2H|[11;79H|[12;2H|[12;79H|[13;2H|[13;79H|[14;2H|[14;79H|[15;2H|[15;79H|[16;2H|[16;79H|[17;2H+----------------------------------------------------------------------------+[m[18;2H[19;2H[m     Use the ^ and v keys to select which entry is highlighted.          
      Press enter to boot the selected OS, `e' to edit the commands       
      before booting or `c' for a command-line.                           [5;80H [7m[5;3H*Ubuntu                                                                     [m[5;78H[m[m[6;3H Advanced options for Ubuntu                                                [m[6;78H[m[m[7;3H                                                                            [m[7;78H[m[m[8;3H                                                                            [m[8;78H[m[m[9;3H                                                                            [m[9;78H[m[m[10;3H                                                                            [m[10;78H[m[m[11;3H                                                                            [m[11;78H[m[m[12;3H                                                                            [m[12;78H[m[m[13;3H                                                                            [m[13;78H[m[m[14;3H                                                                            [m[14;78H[m[m[15;3H                                                                            [m[15;78H[m[m[16;3H                                                                            [m[16;78H[m[16;80H [5;78H[22;1H   The highlighted entry will be executed automatically in 20s.                [5;78H[22;1H   The highlighted entry will be executed automatically in 19s.                [5;78H[22;1H   The highlighted entry will be executed automatically in 18s.                [5;78H[22;1H   The highlighted entry will be executed automatically in 17s.                [5;78H[22;1H   The highlighted entry will be executed automatically in 16s.                [5;78H[22;1H   The highlighted entry will be executed automatically in 15s.                [5;78H[22;1H   The highlighted entry will be executed automatically in 14s.                [5;78H[22;1H   The highlighted entry will be executed automatically in 13s.                [5;78H[22;1H   The highlighted entry will be executed automatically in 12s.                [5;78H[22;1H   The highlighted entry will be executed automatically in 11s.                [5;78H[22;1H   The highlighted entry will be executed automatically in 10s.                [5;78H[22;1H   The highlighted entry will be executed automatically in 9s.                 [5;78H[22;1H   The highlighted entry will be executed automatically in 8s.                 [5;78H[22;1H   The highlighted entry will be executed automatically in 7s.                 [5;78H[22;1H   The highlighted entry will be executed automatically in 6s.                 [5;78H[22;1H   The highlighted entry will be executed automatically in 5s.                 [5;78H[22;1H   The highlighted entry will be executed automatically in 4s.                 [5;78H[22;1H   The highlighted entry will be executed automatically in 3s.                 [5;78H[22;1H   The highlighted entry will be executed automatically in 2s.                 [5;78H[22;1H   The highlighted entry will be executed automatically in 1s.                 [5;78H[22;1H   The highlighted entry will be executed automatically in 0s.                 [5;78H[?25h[H[J[1;1H[H[J[1;1HGRUB_FORCE_PARTUUID set, attempting initrdless boot.
[    0.000000] Linux version 6.8.12-decui+ (root@lisa--206-e0-n0) (gcc (Ubuntu 11.4.0-1ubuntu1~22.04.2) 11.4.0, GNU ld (GNU Binutils for Ubuntu) 2.38) #13 SMP Sun Aug 24 19:31:53 UTC 2025 (Ubuntu 6.8.0-1029.34~22.04.1-azure 6.8.12)
[    0.000000] Command line: BOOT_IMAGE=/boot/vmlinuz-6.8.12-decui+ root=PARTUUID=0e079217-021e-4ddf-b9f5-1da584a06e20 ro console=tty1 console=ttyS0 earlyprintk=ttyS0 nvme_core.io_timeout=240 ignore_loglevel sysrq_always_enabled trace_buf_size=10M panic=-1
[    0.000000] KERNEL supported cpus:
[    0.000000]   Intel GenuineIntel
[    0.000000]   AMD AuthenticAMD
[    0.000000]   Hygon HygonGenuine
[    0.000000]   Centaur CentaurHauls
[    0.000000]   zhaoxin   Shanghai  
[    0.000000] BIOS-provided physical RAM map:
[    0.000000] BIOS-e820: [mem 0x0000000000000000-0x000000000009fbff] usable
[    0.000000] BIOS-e820: [mem 0x000000000009fc00-0x000000000009ffff] reserved
[    0.000000] BIOS-e820: [mem 0x00000000000e0000-0x00000000000fffff] reserved
[    0.000000] BIOS-e820: [mem 0x0000000000100000-0x000000003ffeffff] usable
[    0.000000] BIOS-e820: [mem 0x000000003fff0000-0x000000003fffefff] ACPI data
[    0.000000] BIOS-e820: [mem 0x000000003ffff000-0x000000003fffffff] ACPI NVS
[    0.000000] BIOS-e820: [mem 0x0000000100000000-0x0000000fdfffffff] usable
[    0.000000] BIOS-e820: [mem 0x0000001000000000-0x00000040dfffffff] usable
[    0.000000] printk: legacy bootconsole [earlyser0] enabled
[    0.000000] printk: debug: ignoring loglevel setting.
[    0.000000] NX (Execute Disable) protection: active
[    0.000000] APIC: Static calls initialized
[    0.000000] SMBIOS 2.3 present.
[    0.000000] DMI: Microsoft Corporation Virtual Machine/Virtual Machine, BIOS 090008  12/07/2018
[    0.000000] Hypervisor detected: Microsoft Hyper-V
[    0.000000] Hyper-V: privilege flags low 0x2e7f, high 0x388030, hints 0x40c2c, misc 0xbed7b2
[    0.000000] Hyper-V: Host Build 10.0.20348.3115-3-0
[    0.000000] Hyper-V: Nested features: 0x0
[    0.000000] Hyper-V: LAPIC Timer Frequency: 0x30d40
[    0.000000] Hyper-V: Using hypercall for remote TLB flush
[    0.000000] clocksource: hyperv_clocksource_tsc_page: mask: 0xffffffffffffffff max_cycles: 0x24e6a1710, max_idle_ns: 440795202120 ns
[    0.000001] clocksource: hyperv_clocksource_msr: mask: 0xffffffffffffffff max_cycles: 0x24e6a1710, max_idle_ns: 440795202120 ns
[    0.005548] tsc: Marking TSC unstable due to running on Hyper-V
[    0.008242] tsc: Detected 2445.433 MHz processor
[    0.010731] e820: update [mem 0x00000000-0x00000fff] usable ==> reserved
[    0.013748] e820: remove [mem 0x000a0000-0x000fffff] usable
[    0.016209] last_pfn = 0x40e0000 max_arch_pfn = 0x400000000
[    0.019200] MTRR map: 3 entries (1 fixed + 2 variable; max 17), built from 8 variable MTRRs
[    0.023192] x86/PAT: Configuration [0-7]: WB  WC  UC- UC  WB  WP  UC- WT  
[    0.026431] e820: update [mem 0x40000000-0xffffffff] usable ==> reserved
Memory KASLR using RDRAND RDTSC...
[    0.030957] last_pfn = 0x3fff0 max_arch_pfn = 0x400000000
[    0.037086] found SMP MP-table at [mem 0x000ff780-0x000ff78f]
[    0.039783] Using GB pages for direct mapping
[    0.041832] ACPI: Early table checksum verification disabled
[    0.044357] ACPI: RSDP 0x00000000000F5C00 000014 (v00 ACPIAM)
[    0.046888] ACPI: RSDT 0x000000003FFF0000 000040 (v01 VRTUAL MICROSFT 12001807 MSFT 00000097)
[    0.050792] ACPI: FACP 0x000000003FFF0200 000081 (v02 VRTUAL MICROSFT 12001807 MSFT 00000097)
[    0.054575] ACPI: DSDT 0x000000003FFF1D24 003CD5 (v01 MSFTVM MSFTVM02 00000002 INTL 02002026)
[    0.058450] ACPI: FACS 0x000000003FFFF000 000040
[    0.060728] ACPI: WAET 0x000000003FFF1A80 000028 (v01 VRTUAL MICROSFT 12001807 MSFT 00000097)
[    0.064784] ACPI: SLIC 0x000000003FFF1AC0 000176 (v01 VRTUAL MICROSFT 12001807 MSFT 00000097)
[    0.068844] ACPI: OEM0 0x000000003FFF1CC0 000064 (v01 VRTUAL MICROSFT 12001807 MSFT 00000097)
[    0.072781] ACPI: SRAT 0x000000003FFF0800 0003C0 (v02 VRTUAL MICROSFT 00000001 MSFT 00000001)
[    0.076633] ACPI: APIC 0x000000003FFF0300 000152 (v01 VRTUAL MICROSFT 12001807 MSFT 00000097)
[    0.081087] ACPI: OEMB 0x000000003FFFF040 000064 (v01 VRTUAL MICROSFT 12001807 MSFT 00000097)
[    0.085128] ACPI: Reserving FACP table memory at [mem 0x3fff0200-0x3fff0280]
[    0.088399] ACPI: Reserving DSDT table memory at [mem 0x3fff1d24-0x3fff59f8]
[    0.091614] ACPI: Reserving FACS table memory at [mem 0x3ffff000-0x3ffff03f]
[    0.095127] ACPI: Reserving WAET table memory at [mem 0x3fff1a80-0x3fff1aa7]
[    0.098354] ACPI: Reserving SLIC table memory at [mem 0x3fff1ac0-0x3fff1c35]
[    0.101458] ACPI: Reserving OEM0 table memory at [mem 0x3fff1cc0-0x3fff1d23]
[    0.104602] ACPI: Reserving SRAT table memory at [mem 0x3fff0800-0x3fff0bbf]
[    0.107721] ACPI: Reserving APIC table memory at [mem 0x3fff0300-0x3fff0451]
[    0.110837] ACPI: Reserving OEMB table memory at [mem 0x3ffff040-0x3ffff0a3]
[    0.114257] SRAT: PXM 0 -> APIC 0x00 -> Node 0
[    0.116300] SRAT: PXM 0 -> APIC 0x01 -> Node 0
[    0.118265] SRAT: PXM 0 -> APIC 0x02 -> Node 0
[    0.120229] SRAT: PXM 0 -> APIC 0x03 -> Node 0
[    0.122189] SRAT: PXM 0 -> APIC 0x04 -> Node 0
[    0.124250] SRAT: PXM 0 -> APIC 0x05 -> Node 0
[    0.126221] SRAT: PXM 0 -> APIC 0x06 -> Node 0
[    0.128390] SRAT: PXM 0 -> APIC 0x07 -> Node 0
[    0.130462] SRAT: PXM 0 -> APIC 0x08 -> Node 0
[    0.132433] SRAT: PXM 0 -> APIC 0x09 -> Node 0
[    0.134632] SRAT: PXM 0 -> APIC 0x0a -> Node 0
[    0.136647] SRAT: PXM 0 -> APIC 0x0b -> Node 0
[    0.138825] SRAT: PXM 0 -> APIC 0x0c -> Node 0
[    0.140925] SRAT: PXM 0 -> APIC 0x0d -> Node 0
[    0.142971] SRAT: PXM 0 -> APIC 0x0e -> Node 0
[    0.145230] SRAT: PXM 0 -> APIC 0x0f -> Node 0
[    0.147291] SRAT: PXM 1 -> APIC 0x10 -> Node 1
[    0.149359] SRAT: PXM 1 -> APIC 0x11 -> Node 1
[    0.151492] SRAT: PXM 1 -> APIC 0x12 -> Node 1
[    0.153656] SRAT: PXM 1 -> APIC 0x13 -> Node 1
[    0.155796] SRAT: PXM 1 -> APIC 0x14 -> Node 1
[    0.157761] SRAT: PXM 1 -> APIC 0x15 -> Node 1
[    0.160085] SRAT: PXM 1 -> APIC 0x16 -> Node 1
[    0.162452] SRAT: PXM 1 -> APIC 0x17 -> Node 1
[    0.164629] SRAT: PXM 1 -> APIC 0x18 -> Node 1
[    0.166591] SRAT: PXM 1 -> APIC 0x19 -> Node 1
[    0.168825] SRAT: PXM 1 -> APIC 0x1a -> Node 1
[    0.170993] SRAT: PXM 1 -> APIC 0x1b -> Node 1
[    0.173396] SRAT: PXM 1 -> APIC 0x1c -> Node 1
[    0.176390] SRAT: PXM 1 -> APIC 0x1d -> Node 1
[    0.180184] SRAT: PXM 1 -> APIC 0x1e -> Node 1
[    0.182497] SRAT: PXM 1 -> APIC 0x1f -> Node 1
[    0.184589] ACPI: SRAT: Node 0 PXM 0 [mem 0x00000000-0x3fffffff] hotplug
[    0.187749] ACPI: SRAT: Node 0 PXM 0 [mem 0x100000000-0xfdfffffff] hotplug
[    0.191215] ACPI: SRAT: Node 0 PXM 0 [mem 0x1000000000-0x20dfffffff] hotplug
[    0.198603] ACPI: SRAT: Node 1 PXM 1 [mem 0x20e0000000-0x40dfffffff] hotplug
[    0.201763] ACPI: SRAT: Node 0 PXM 0 [mem 0x40e0000000-0x9eefffffff] hotplug
[    0.204876] ACPI: SRAT: Node 0 PXM 0 [mem 0x10000000000-0x17fffffffff] hotplug
[    0.208185] ACPI: SRAT: Node 0 PXM 0 [mem 0x20000000000-0x2ffffffffff] hotplug
[    0.211381] ACPI: SRAT: Node 1 PXM 1 [mem 0x9ef0000000-0xfcffffffff] hotplug
[    0.214607] ACPI: SRAT: Node 1 PXM 1 [mem 0x18000000000-0x1ffffffffff] hotplug
[    0.217816] ACPI: SRAT: Node 1 PXM 1 [mem 0x30000000000-0x3ffffffffff] hotplug
[    0.221001] NUMA: Node 0 [mem 0x00000000-0x3fffffff] + [mem 0x100000000-0xfdfffffff] -> [mem 0x00000000-0xfdfffffff]
[    0.226345] NUMA: Node 0 [mem 0x00000000-0xfdfffffff] + [mem 0x1000000000-0x20dfffffff] -> [mem 0x00000000-0x20dfffffff]
[    0.231246] NODE_DATA(0) allocated [mem 0x20dffd5000-0x20dfffffff]
[    0.234011] NODE_DATA(1) allocated [mem 0x40dffd5000-0x40dfffffff]
[    0.237082] Zone ranges:
[    0.238251]   DMA      [mem 0x0000000000001000-0x0000000000ffffff]
[    0.241265]   DMA32    [mem 0x0000000001000000-0x00000000ffffffff]
[    0.244103]   Normal   [mem 0x0000000100000000-0x00000040dfffffff]
[    0.246836]   Device   empty
[    0.248134] Movable zone start for each node
[    0.250020] Early memory node ranges
[    0.251593]   node   0: [mem 0x0000000000001000-0x000000000009efff]
[    0.254404]   node   0: [mem 0x0000000000100000-0x000000003ffeffff]
[    0.257329]   node   0: [mem 0x0000000100000000-0x0000000fdfffffff]
[    0.260131]   node   0: [mem 0x0000001000000000-0x00000020dfffffff]
[    0.262899]   node   1: [mem 0x00000020e0000000-0x00000040dfffffff]
[    0.265748] Initmem setup node 0 [mem 0x0000000000001000-0x00000020dfffffff]
[    0.268896] Initmem setup node 1 [mem 0x00000020e0000000-0x00000040dfffffff]
[    0.272289] On node 0, zone DMA: 1 pages in unavailable ranges
[    0.274983] On node 0, zone DMA: 97 pages in unavailable ranges
[    0.327364] On node 0, zone Normal: 16 pages in unavailable ranges
[    0.492193] ACPI: PM-Timer IO Port: 0x408
[    0.494428] ACPI: LAPIC_NMI (acpi_id[0xff] dfl dfl lint[0x1])
[    0.497761] IOAPIC[0]: apic_id 0, version 17, address 0xfec00000, GSI 0-23
[    0.501111] ACPI: INT_SRC_OVR (bus 0 bus_irq 0 global_irq 2 dfl dfl)
[    0.504028] ACPI: INT_SRC_OVR (bus 0 bus_irq 9 global_irq 9 high level)
[    0.507090] ACPI: Using ACPI (MADT) for SMP configuration information
[    0.509968] smpboot: Allowing 32 CPUs, 0 hotplug CPUs
[    0.512454] PM: hibernation: Registered nosave memory: [mem 0x00000000-0x00000fff]
[    0.517295] PM: hibernation: Registered nosave memory: [mem 0x0009f000-0x0009ffff]
[    0.520677] PM: hibernation: Registered nosave memory: [mem 0x000a0000-0x000dffff]
[    0.523947] PM: hibernation: Registered nosave memory: [mem 0x000e0000-0x000fffff]
[    0.527273] PM: hibernation: Registered nosave memory: [mem 0x3fff0000-0x3fffefff]
[    0.530669] PM: hibernation: Registered nosave memory: [mem 0x3ffff000-0x3fffffff]
[    0.533966] PM: hibernation: Registered nosave memory: [mem 0x40000000-0xffffffff]
[    0.537482] PM: hibernation: Registered nosave memory: [mem 0xfe0000000-0xfffffffff]
[    0.541197] [mem 0x40000000-0xffffffff] available for PCI devices
[    0.544075] Booting paravirtualized kernel on Hyper-V
[    0.546509] clocksource: refined-jiffies: mask: 0xffffffff max_cycles: 0xffffffff, max_idle_ns: 1910969940391419 ns
[    0.551412] setup_percpu: NR_CPUS:8192 nr_cpumask_bits:32 nr_cpu_ids:32 nr_node_ids:2
[    0.556023] percpu: Embedded 84 pages/cpu s221184 r8192 d114688 u524288
[    0.558970] pcpu-alloc: s221184 r8192 d114688 u524288 alloc=1*2097152
[    0.562030] pcpu-alloc: [0] 00 01 02 03 [0] 04 05 06 07 
[    0.564414] pcpu-alloc: [0] 08 09 10 11 [0] 12 13 14 15 
[    0.566800] pcpu-alloc: [1] 16 17 18 19 [1] 20 21 22 23 
[    0.569149] pcpu-alloc: [1] 24 25 26 27 [1] 28 29 30 31 
[    0.571551] Hyper-V: PV spinlocks enabled
[    0.573315] PV qspinlock hash table entries: 256 (order: 0, 4096 bytes, linear)
[    0.576571] Kernel command line: BOOT_IMAGE=/boot/vmlinuz-6.8.12-decui+ root=PARTUUID=0e079217-021e-4ddf-b9f5-1da584a06e20 ro console=tty1 console=ttyS0 earlyprintk=ttyS0 nvme_core.io_timeout=240 ignore_loglevel sysrq_always_enabled trace_buf_size=10M panic=-1
[    0.587131] sysrq: sysrq always enabled.
[    0.588926] Unknown kernel command line parameters "BOOT_IMAGE=/boot/vmlinuz-6.8.12-decui+", will be passed to user space.
[    0.593967] random: crng init done
[    0.595623] Fallback order for Node 0: 0 1 
[    0.595626] Fallback order for Node 1: 1 0 
[    0.595629] Built 2 zonelists, mobility grouping on.  Total pages: 66057968
[    0.602475] Policy zone: Normal
[    0.603866] mem auto-init: stack:off, heap alloc:on, heap free:off
[    0.606596] software IO TLB: area num 32.
[    0.937127] Memory: 264112704K/268435000K available (20480K kernel code, 4337K rwdata, 13092K rodata, 4684K init, 5132K bss, 4322036K reserved, 0K cma-reserved)
[    0.944672] SLUB: HWalign=64, Order=0-3, MinObjects=0, CPUs=32, Nodes=2
Poking KASLR using RDRAND RDTSC...
[    0.949202] ftrace: allocating 54091 entries in 212 pages
[    0.962566] ftrace: allocated 212 pages with 4 groups
[    0.968504] rcu: Hierarchical RCU implementation.
[    0.970583] rcu: 	RCU restricting CPUs from NR_CPUS=8192 to nr_cpu_ids=32.
[    0.973684] 	Rude variant of Tasks RCU enabled.
[    0.975711] 	Tracing variant of Tasks RCU enabled.
[    0.977822] rcu: RCU calculated value of scheduler-enlistment delay is 100 jiffies.
[    0.981643] rcu: Adjusting geometry for rcu_fanout_leaf=16, nr_cpu_ids=32
[    0.987320] NR_IRQS: 524544, nr_irqs: 680, preallocated irqs: 16
[    0.990698] rcu: srcu_init: Setting srcu_struct sizes based on contention.
[    0.998711] Console: colour VGA+ 80x25
[    1.000391] printk: legacy console [tty1] enabled
[    1.070785] printk: legacy console [ttyS0] enabled
[    1.070785] printk: legacy console [ttyS0] enabled
[    1.077535] printk: legacy bootconsole [earlyser0] disabled
[    1.077535] printk: legacy bootconsole [earlyser0] disabled
[    1.083314] mempolicy: Enabling automatic NUMA balancing. Configure with numa_balancing= or the kernel.numa_balancing sysctl
[    1.089003] ACPI: Core revision 20230628
[    1.091656] APIC: Switch to symmetric I/O mode setup
[    1.097528] Hyper-V: enabling crash_kexec_post_notifiers
[    1.100776] Hyper-V: Using IPI hypercalls
[    1.103096] APIC: send_IPI() replaced with hv_send_ipi()
[    1.106040] APIC: send_IPI_mask() replaced with hv_send_ipi_mask()
[    1.109868] APIC: send_IPI_mask_allbutself() replaced with hv_send_ipi_mask_allbutself()
[    1.114525] APIC: send_IPI_allbutself() replaced with hv_send_ipi_allbutself()
[    1.118633] APIC: send_IPI_all() replaced with hv_send_ipi_all()
[    1.122043] APIC: send_IPI_self() replaced with hv_send_ipi_self()
[    1.125474] Hyper-V: Using enlightened APIC (xapic mode)
[    1.125481] APIC: eoi() replaced with hv_apic_eoi_write()
[    1.131372] APIC: read() replaced with hv_apic_read()
[    1.134104] APIC: write() replaced with hv_apic_write()
[    1.136888] APIC: icr_write() replaced with hv_apic_icr_write()
[    1.140200] APIC: icr_read() replaced with hv_apic_icr_read()
[    1.155104] ..TIMER: vector=0x30 apic1=0 pin1=2 apic2=-1 pin2=-1
[    1.158632] Calibrating delay loop (skipped), value calculated using timer frequency.. 4890.86 BogoMIPS (lpj=2445433)
[    1.161671] x86/cpu: User Mode Instruction Prevention (UMIP) activated
[    1.163025] Last level iTLB entries: 4KB 512, 2MB 512, 4MB 256
[    1.164631] Last level dTLB entries: 4KB 2048, 2MB 2048, 4MB 1024, 1GB 0
[    1.166133] Spectre V1 : Mitigation: usercopy/swapgs barriers and __user pointer sanitization
[    1.167040] Spectre V2 : Mitigation: Retpolines
[    1.168631] Spectre V2 : Spectre v2 / SpectreRSB mitigation: Filling RSB on context switch
[    1.170631] Spectre V2 : Spectre v2 / SpectreRSB : Filling RSB on VMEXIT
[    1.172631] Speculative Store Bypass: Vulnerable
[    1.174033] Speculative Return Stack Overflow: IBPB-extending microcode not applied!
[    1.175631] Speculative Return Stack Overflow: WARNING: See https://kernel.org/doc/html/latest/admin-guide/hw-vuln/srso.html for mitigation options.
[    1.175632] Speculative Return Stack Overflow: Vulnerable: Safe RET, no microcode
[    1.179646] x86/fpu: Supporting XSAVE feature 0x001: 'x87 floating point registers'
[    1.181631] x86/fpu: Supporting XSAVE feature 0x002: 'SSE registers'
[    1.183631] x86/fpu: Supporting XSAVE feature 0x004: 'AVX registers'
[    1.185005] x86/fpu: xstate_offset[2]:  576, xstate_sizes[2]:  256
[    1.186002] x86/fpu: Enabled xstate features 0x7, context size is 832 bytes, using 'compacted' format.
[    1.256723] Freeing SMP alternatives memory: 48K
[    1.258042] pid_max: default: 32768 minimum: 301
[    1.260678] LSM: initializing lsm=lockdown,capability,landlock,yama,apparmor,integrity
[    1.262652] landlock: Up and running.
[    1.264008] Yama: becoming mindful.
[    1.265079] AppArmor: AppArmor initialized
[    1.278468] Dentry cache hash table entries: 16777216 (order: 15, 134217728 bytes, vmalloc hugepage)
[    1.286900] Inode-cache hash table entries: 8388608 (order: 14, 67108864 bytes, vmalloc hugepage)
[    1.288799] Mount-cache hash table entries: 262144 (order: 9, 2097152 bytes, vmalloc)
[    1.290183] Mountpoint-cache hash table entries: 262144 (order: 9, 2097152 bytes, vmalloc)
[    1.292200] smpboot: CPU0: AMD EPYC 7763 64-Core Processor (family: 0x19, model: 0x1, stepping: 0x1)
[    1.293262] RCU Tasks Rude: Setting shift to 5 and lim to 1 rcu_task_cb_adjust=1 rcu_task_cpu_ids=32.
[    1.294154] RCU Tasks Trace: Setting shift to 5 and lim to 1 rcu_task_cb_adjust=1 rcu_task_cpu_ids=32.
[    1.295127] Performance Events: PMU not available due to virtualization, using software events only.
[    1.296103] signal: max sigframe size: 1776
[    1.297049] rcu: Hierarchical SRCU implementation.
[    1.298014] rcu: 	Max phase no-delay instances is 400.
[    1.300306] NMI watchdog: Perf NMI watchdog permanently disabled
[    1.301297] smp: Bringing up secondary CPUs ...
[    1.302152] smpboot: x86: Booting SMP configuration:
[    1.303009] .... node  #0, CPUs:        #2  #4  #6  #8 #10 #12 #14
[    1.306016] .... node  #1, CPUs:   #16 #18 #20 #22 #24 #26 #28 #30
[    0.160562] ------------[ cut here ]------------
[    0.160562] sched: CPU #16's llc-sibling CPU #0 is not on the same node! [node: 1 != 0]. Ignoring dependency.
[    0.160562] WARNING: CPU: 16 PID: 0 at arch/x86/kernel/smpboot.c:473 topology_sane.isra.0+0xda/0x1a0
[    0.160562] Modules linked in:
[    0.160562] CPU: 16 PID: 0 Comm: swapper/16 Not tainted 6.8.12-decui+ #13
[    0.160562] Hardware name: Microsoft Corporation Virtual Machine/Virtual Machine, BIOS 090008  12/07/2018
[    0.160562] RIP: 0010:topology_sane.isra.0+0xda/0x1a0
[    0.160562] Code: 81 fe ff 1f 00 00 0f 87 83 00 00 00 4a 8b 34 f5 e0 89 86 b8 48 c7 c7 08 8b 73 b8 88 45 d4 46 8b 04 26 44 89 ee e8 a6 57 05 00 <0f> 0b 0f b6 45 d4 48 83 c4 20 5b 41 5c 41 5d 41 5e 41 5f 5d e9 38
[    0.160562] RSP: 0000:ffffa16480183e28 EFLAGS: 00010086
[    0.160562] RAX: 0000000000000000 RBX: 000000000002f9c0 RCX: ffffffffb917b8e8
[    0.160562] RDX: 0000000000000000 RSI: 0000000000000003 RDI: 0000000000000001
[    0.160562] RBP: ffffa16480183e70 R08: 0000000000000003 R09: 2073273631232055
[    0.160562] R10: ffffffffb99735e0 R11: 2055504320676e73 R12: 000000000002f9c0
[    0.160562] R13: 0000000000000010 R14: 0000000000000010 R15: 0000000000000000
[    0.160562] FS:  0000000000000000(0000) GS:ffff89b41f600000(0000) knlGS:0000000000000000
[    0.160562] CS:  0010 DS: 0000 ES: 0000 CR0: 0000000080050033
[    0.160562] CR2: 0000000000000000 CR3: 000000224f636000 CR4: 0000000000350ef0
[    0.160562] Call Trace:
[    0.160562]  <TASK>
[    0.160562]  ? show_regs+0x6a/0x80
[    0.160562]  ? topology_sane.isra.0+0xda/0x1a0
[    0.160562]  ? __warn+0x8d/0x130
[    0.160562]  ? topology_sane.isra.0+0xda/0x1a0
[    0.160562]  ? report_bug+0x18c/0x1a0
[    0.160562]  ? console_unlock+0x77/0x100
[    0.160562]  ? handle_bug+0x5b/0x90
[    0.160562]  ? exc_invalid_op+0x19/0x70
[    0.160562]  ? asm_exc_invalid_op+0x1b/0x20
[    0.160562]  ? topology_sane.isra.0+0xda/0x1a0
[    0.160562]  ? topology_sane.isra.0+0xda/0x1a0
[    0.160562]  set_cpu_sibling_map+0x16d/0xd90
[    0.160562]  ? topology_update_die_map+0x70/0x250
[    0.160562]  ? srso_alias_return_thunk+0x5/0xfbef5
[    0.160562]  start_secondary+0x85/0x150
[    0.160562]  secondary_startup_64_no_verify+0x184/0x18b
[    0.160562]  </TASK>
[    0.160562] ---[ end trace 0000000000000000 ]---
[    0.160562] ------------[ cut here ]------------
[    0.160562] cdx: read_hv_clock_tsc: time=75433442426770490, refcnt_msr=290748035, tsc=0xfffffff5464800de, tsc_pg: seq=1, scale=10bfe50ff42aecb, off=0
[    0.160562] WARNING: CPU: 26 PID: 0 at drivers/clocksource/hyperv_timer.c:460 read_hv_clock_tsc+0x10a/0x170
[    0.160562] Modules linked in:
[    0.160562] CPU: 26 PID: 0 Comm: swapper/26 Tainted: G        W          6.8.12-decui+ #13
[    0.160562] Hardware name: Microsoft Corporation Virtual Machine/Virtual Machine, BIOS 090008  12/07/2018
[    0.160562] RIP: 0010:read_hv_clock_tsc+0x10a/0x170
[    0.160562] Code: 40 48 89 d6 49 89 c2 0f 32 57 48 89 f1 48 c1 e2 20 4c 89 ee 48 c1 e1 20 48 09 c2 48 c7 c7 a8 48 84 b8 4c 09 d1 e8 b6 1b 3a ff <0f> 0b 58 e9 61 ff ff ff 4c 8b 15 57 88 0c 02 c6 05 d5 8e 8a 01 01
[    0.160562] RSP: 0000:ffffa164801d3ca8 EFLAGS: 00010082
[    0.160562] RAX: 0000000000000000 RBX: 0000000000000000 RCX: ffffffffb917b8e8
[    0.160562] RDX: 0000000000000000 RSI: 0000000000000003 RDI: 0000000000000001
[    0.160562] RBP: ffffa164801d3cd0 R08: 0000000000000003 R09: 74203a6373745f6b
[    0.160562] R10: ffffffffb99735e0 R11: 616572203a786463 R12: fffffff546480095
[    0.160562] R13: 010bfe50f408543a R14: 000000000000270f R15: 0000000000000000
[    0.160562] FS:  0000000000000000(0000) GS:ffff89b41fb00000(0000) knlGS:0000000000000000
[    0.160562] CS:  0010 DS: 0000 ES: 0000 CR0: 0000000080050033
[    0.160562] CR2: 0000000000000000 CR3: 000000224f636000 CR4: 0000000000350ef0
[    0.160562] Call Trace:
[    0.160562]  <TASK>
[    0.160562]  ? show_regs+0x6a/0x80
[    0.160562]  ? read_hv_clock_tsc+0x10a/0x170
[    0.160562]  ? __warn+0x8d/0x130
[    0.160562]  ? read_hv_clock_tsc+0x10a/0x170
[    0.160562]  ? report_bug+0x18c/0x1a0
[    0.160562]  ? console_unlock+0x77/0x100
[    0.160562]  ? handle_bug+0x5b/0x90
[    0.160562]  ? exc_invalid_op+0x19/0x70
[    0.160562]  ? asm_exc_invalid_op+0x1b/0x20
[    0.160562]  ? read_hv_clock_tsc+0x10a/0x170
[    0.160562]  ? read_hv_clock_tsc+0x10a/0x170
[    0.160562]  hv_ce_set_next_event+0x1f/0xd0
[    0.160562]  ? hv_ce_set_next_event+0x1f/0xd0
[    0.160562]  clockevents_program_event+0xad/0x130
[    0.160562]  ? srso_alias_return_thunk+0x5/0xfbef5
[    0.160562]  tick_setup_periodic+0x5f/0x90
[    0.160562]  tick_setup_device+0x7e/0x190
[    0.160562]  tick_check_new_device+0xc7/0x150
[    0.160562]  clockevents_register_device+0x76/0x180
[    0.160562]  clockevents_config_and_register+0x2f/0x40
[    0.160562]  hv_stimer_init+0xc4/0x110
[    0.160562]  ? __pfx_hv_stimer_init+0x10/0x10
[    0.160562]  cpuhp_invoke_callback+0x150/0x400
[    0.160562]  ? cpumask_weight+0xf/0x20
[    0.160562]  __cpuhp_invoke_callback_range+0x79/0xf0
[    0.160562]  notify_cpu_starting+0x67/0x90
[    0.160562]  start_secondary+0xa1/0x150
[    0.160562]  secondary_startup_64_no_verify+0x184/0x18b
[    0.160562]  </TASK>
[    0.160562] ---[ end trace 0000000000000000 ]---
[    0.160562] ------------[ cut here ]------------
[    0.160562] cdx: next_stimer: refcnt=75433442426770490 (msr=292045523), delta=9999, written=75433442426780489, tsc=0xfffffff559317bf6, tsc_pg: seq=1, scale=10bfe50ff42aecb, off=0
[    0.160562] WARNING: CPU: 26 PID: 0 at drivers/clocksource/hyperv_timer.c:94 hv_ce_set_next_event+0xc1/0xd0
[    0.160562] Modules linked in:
[    0.160562] CPU: 26 PID: 0 Comm: swapper/26 Tainted: G        W          6.8.12-decui+ #13
[    0.160562] Hardware name: Microsoft Corporation Virtual Machine/Virtual Machine, BIOS 090008  12/07/2018
[    0.160562] RIP: 0010:hv_ce_set_next_event+0xc1/0xd0
[    0.160562] Code: 32 41 53 49 c1 e1 20 48 c1 e2 20 4c 89 f1 41 52 49 09 f9 48 09 c2 4c 89 e6 41 50 48 c7 c7 78 47 84 b8 4d 89 e8 e8 df 1c 3a ff <0f> 0b 48 83 c4 18 eb 81 0f 1f 80 00 00 00 00 90 90 90 90 90 90 90
[    0.160562] RSP: 0000:ffffa164801d3cd0 EFLAGS: 00010082
[    0.160562] RAX: 0000000000000000 RBX: 0000000000000000 RCX: ffffffffb917b8e8
[    0.160562] RDX: 0000000000000000 RSI: 0000000000000003 RDI: 0000000000000001
[    0.160562] RBP: ffffa164801d3d08 R08: 0000000000000003 R09: 63666572203a7265
[    0.160562] R10: ffffffffb99735e0 R11: 000000003a786463 R12: 010bfe50f408543a
[    0.160562] R13: 010bfe50f4087b49 R14: 000000000000270f R15: 0000000000000000
[    0.160562] FS:  0000000000000000(0000) GS:ffff89b41fb00000(0000) knlGS:0000000000000000
[    0.160562] CS:  0010 DS: 0000 ES: 0000 CR0: 0000000080050033
[    0.160562] CR2: 0000000000000000 CR3: 000000224f636000 CR4: 0000000000350ef0
[    0.160562] Call Trace:
[    0.160562]  <TASK>
[    0.160562]  ? show_regs+0x6a/0x80
[    0.160562]  ? hv_ce_set_next_event+0xc1/0xd0
[    0.160562]  ? __warn+0x8d/0x130
[    0.160562]  ? hv_ce_set_next_event+0xc1/0xd0
[    0.160562]  ? report_bug+0x18c/0x1a0
[    0.160562]  ? handle_bug+0x5b/0x90
[    0.160562]  ? exc_invalid_op+0x19/0x70
[    0.160562]  ? asm_exc_invalid_op+0x1b/0x20
[    0.160562]  ? hv_ce_set_next_event+0xc1/0xd0
[    0.160562]  clockevents_program_event+0xad/0x130
[    0.160562]  ? srso_alias_return_thunk+0x5/0xfbef5
[    0.160562]  tick_setup_periodic+0x5f/0x90
[    0.160562]  tick_setup_device+0x7e/0x190
[    0.160562]  tick_check_new_device+0xc7/0x150
[    0.160562]  clockevents_register_device+0x76/0x180
[    0.160562]  clockevents_config_and_register+0x2f/0x40
[    0.160562]  hv_stimer_init+0xc4/0x110
[    0.160562]  ? __pfx_hv_stimer_init+0x10/0x10
[    0.160562]  cpuhp_invoke_callback+0x150/0x400
[    0.160562]  ? cpumask_weight+0xf/0x20
[    0.160562]  __cpuhp_invoke_callback_range+0x79/0xf0
[    0.160562]  notify_cpu_starting+0x67/0x90
[    0.160562]  start_secondary+0xa1/0x150
[    0.160562]  secondary_startup_64_no_verify+0x184/0x18b
[    0.160562]  </TASK>
[    0.160562] ---[ end trace 0000000000000000 ]---
[    2.567816] 
[    2.613057] .... node  #0, CPUs:    #1  #3  #5  #7  #9 #11 #13 #15
[    2.616017] .... node  #1, CPUs:   #17 #19 #21 #23 #25 #27 #29 #31
[    3.577763] smp: Brought up 2 nodes, 32 CPUs
[    3.580013] smpboot: Max logical packages: 1
[    3.581162] smpboot: Total of 32 processors activated (157480.03 BogoMIPS)
[    3.587635] devtmpfs: initialized
[    3.589088] x86/mm: Memory block size: 512MB
[    3.599996] ACPI: PM: Registering ACPI NVS region [mem 0x3ffff000-0x3fffffff] (4096 bytes)
[    3.601142] clocksource: jiffies: mask: 0xffffffff max_cycles: 0xffffffff, max_idle_ns: 1911260446275000 ns
[    3.602083] futex hash table entries: 8192 (order: 7, 524288 bytes, vmalloc)
[    3.603141] pinctrl core: initialized pinctrl subsystem
[    3.604633] PM: RTC time: 00:55:33, date: 2025-08-25
[    3.607040] NET: Registered PF_NETLINK/PF_ROUTE protocol family
[    3.608432] DMA: preallocated 4096 KiB GFP_KERNEL pool for atomic allocations
[    3.609237] DMA: preallocated 4096 KiB GFP_KERNEL|GFP_DMA pool for atomic allocations
[    3.610242] DMA: preallocated 4096 KiB GFP_KERNEL|GFP_DMA32 pool for atomic allocations
[    3.611056] audit: initializing netlink subsys (disabled)
[    3.612024] audit: type=2000 audit(1756083332.457:1): state=initialized audit_enabled=0 res=1
[    3.612024] thermal_sys: Registered thermal governor 'fair_share'
[    3.613050] thermal_sys: Registered thermal governor 'bang_bang'
[    3.614033] thermal_sys: Registered thermal governor 'step_wise'
[    3.615019] thermal_sys: Registered thermal governor 'user_space'
[    3.616057] thermal_sys: Registered thermal governor 'power_allocator'
[    3.617020] EISA bus registered
[    3.619036] cpuidle: using governor ladder
[    3.620033] cpuidle: using governor menu
[    3.623746] acpiphp: ACPI Hot Plug PCI Controller Driver version: 0.5
[    3.625437] PCI: Using configuration type 1 for base access
[    3.626013] PCI: Using configuration type 1 for extended access
[    3.627365] kprobes: kprobe jump-optimization is enabled. All kprobes are optimized if possible.
[    3.628637] HugeTLB: registered 1.00 GiB page size, pre-allocated 0 pages
[    3.630069] HugeTLB: 16380 KiB vmemmap can be freed for a 1.00 GiB page
[    3.631036] HugeTLB: registered 2.00 MiB page size, pre-allocated 0 pages
[    3.632010] HugeTLB: 28 KiB vmemmap can be freed for a 2.00 MiB page
[    3.644795] ACPI: Added _OSI(Module Device)
[    3.646117] ACPI: Added _OSI(Processor Device)
[    3.647010] ACPI: Added _OSI(3.0 _SCP Extensions)
[    3.648011] ACPI: Added _OSI(Processor Aggregator Device)
[    3.653664] ACPI: 1 ACPI AML tables successfully acquired and loaded
[    3.659192] ACPI: _OSC evaluation for CPUs failed, trying _PDC
[    3.660698] ACPI: Interpreter enabled
[    3.662017] ACPI: PM: (supports S0 S5)
[    3.663027] ACPI: Using IOAPIC for interrupt routing
[    3.664530] PCI: Using host bridge windows from ACPI; if necessary, use "pci=nocrs" and report a bug
[    3.665055] PCI: Using E820 reservations for host bridge windows
[    3.666503] ACPI: Enabled 1 GPEs in block 00 to 0F
[    3.695052] ACPI: PCI Root Bridge [PCI0] (domain 0000 [bus 00-ff])
[    3.696062] acpi PNP0A03:00: _OSC: OS supports [ExtendedConfig ASPM ClockPM Segments MSI HPX-Type3]
[    3.697265] PCI host bridge to bus 0000:00
[    3.698008] pci_bus 0000:00: Unknown NUMA node; performance will be reduced
[    3.699010] pci_bus 0000:00: root bus resource [mem 0xfe0000000-0xfffffffff window]
[    3.700043] pci_bus 0000:00: root bus resource [io  0x0000-0x0cf7 window]
[    3.701216] pci_bus 0000:00: root bus resource [io  0x0d00-0xffff window]
[    3.702059] pci_bus 0000:00: root bus resource [mem 0x000a0000-0x000bffff window]
[    3.703046] pci_bus 0000:00: root bus resource [mem 0x40000000-0xfffbffff window]
[    3.704042] pci_bus 0000:00: root bus resource [bus 00-ff]
[    3.705957] pci 0000:00:00.0: [8086:7192] type 00 class 0x060000 conventional PCI endpoint
[    3.710581] pci 0000:00:07.0: [8086:7110] type 00 class 0x060100 conventional PCI endpoint
[    3.713185] pci 0000:00:07.1: [8086:7111] type 00 class 0x010180 conventional PCI endpoint
[    3.715701] pci 0000:00:07.1: BAR 4 [io  0xffa0-0xffaf]
[    3.717173] pci 0000:00:07.1: BAR 0 [io  0x01f0-0x01f7]: legacy IDE quirk
[    3.718011] pci 0000:00:07.1: BAR 1 [io  0x03f6]: legacy IDE quirk
[    3.719010] pci 0000:00:07.1: BAR 2 [io  0x0170-0x0177]: legacy IDE quirk
[    3.720020] pci 0000:00:07.1: BAR 3 [io  0x0376]: legacy IDE quirk
[    3.721730] * Found PM-Timer Bug on the chipset. Due to workarounds for a bug,
[    3.721730] * this clock source is slow. Consider trying other clock sources
[    3.723111] pci 0000:00:07.3: [8086:7113] type 00 class 0x068000 conventional PCI endpoint
[    3.725671] pci 0000:00:07.3: quirk: [io  0x0400-0x043f] claimed by PIIX4 ACPI
[    3.727902] pci 0000:00:08.0: [1414:5353] type 00 class 0x030000 conventional PCI endpoint
[    3.730304] pci 0000:00:08.0: BAR 0 [mem 0xf8000000-0xfbffffff]
[    3.731376] pci 0000:00:08.0: Video device with shadowed ROM at [mem 0x000c0000-0x000dffff]
[    3.756548] ACPI: PCI: Interrupt link LNKA configured for IRQ 11
[    3.757379] ACPI: PCI: Interrupt link LNKB configured for IRQ 0
[    3.758014] ACPI: PCI: Interrupt link LNKB disabled
[    3.759264] ACPI: PCI: Interrupt link LNKC configured for IRQ 0
[    3.760016] ACPI: PCI: Interrupt link LNKC disabled
[    3.761269] ACPI: PCI: Interrupt link LNKD configured for IRQ 0
[    3.762063] ACPI: PCI: Interrupt link LNKD disabled
[    3.763313] iommu: Default domain type: Translated
[    3.764013] iommu: DMA domain TLB invalidation policy: lazy mode
[    3.765254] SCSI subsystem initialized
[    3.766028] libata version 3.00 loaded.
[    3.767054] ACPI: bus type USB registered
[    3.768083] usbcore: registered new interface driver usbfs
[    3.769016] usbcore: registered new interface driver hub
[    3.770029] usbcore: registered new device driver usb
[    3.771041] pps_core: LinuxPPS API ver. 1 registered
[    3.772035] pps_core: Software ver. 5.3.6 - Copyright 2005-2007 Rodolfo Giometti <giometti@linux.it>
[    3.773168] PTP clock support registered
[    3.774083] EDAC MC: Ver: 3.0.0
[    3.776660] hv_vmbus: Vmbus version:5.2
[    3.779986] NetLabel: Initializing
[    3.782002] NetLabel:  domain hash size = 128
[    3.784005] NetLabel:  protocols = UNLABELED CIPSOv4 CALIPSO
[    3.787035] NetLabel:  unlabeled traffic allowed by default
[    3.790030] mctp: management component transport protocol core
[    3.793001] NET: Registered PF_MCTP protocol family
[    3.796072] PCI: Using ACPI for IRQ routing
[    3.797997] PCI: pci_cache_line_size set to 64 bytes
[    3.801373] e820: reserve RAM buffer [mem 0x0009fc00-0x0009ffff]
[    3.804002] e820: reserve RAM buffer [mem 0x3fff0000-0x3fffffff]
[    3.807673] pci 0000:00:08.0: vgaarb: setting as boot VGA device
[    3.808630] pci 0000:00:08.0: vgaarb: bridge control possible
[    3.808630] pci 0000:00:08.0: vgaarb: VGA device added: decodes=io+mem,owns=io+mem,locks=none
[    3.817635] vgaarb: loaded
[    3.819915] clocksource: Switched to clocksource hyperv_clocksource_tsc_page
[    3.826284] VFS: Disk quotas dquot_6.6.0
[    3.829081] VFS: Dquot-cache hash table entries: 512 (order 0, 4096 bytes)
[    3.832845] AppArmor: AppArmor Filesystem Enabled
[    3.835464] pnp: PnP ACPI init
[    3.838282] pnp 00:03: [dma 0 disabled]
[    3.841206] pnp 00:04: [dma 0 disabled]
[    3.844202] pnp 00:05: [dma 2]
[    3.846079] system 00:06: [io  0x01e0-0x01ef] has been reserved
[    3.849130] system 00:06: [io  0x0160-0x016f] has been reserved
[    3.852146] system 00:06: [io  0x0278-0x027f] has been reserved
[    3.855479] system 00:06: [io  0x0378-0x037f] has been reserved
[    3.859512] system 00:06: [io  0x0678-0x067f] has been reserved
[    3.863997] system 00:06: [io  0x0778-0x077f] has been reserved
[    3.867192] system 00:06: [io  0x04d0-0x04d1] has been reserved
[    3.871098] system 00:07: [io  0x0400-0x043f] has been reserved
[    3.875954] system 00:07: [io  0x0370-0x0371] has been reserved
[  659.047123] system 00:07: [io  0x0440-0x044f] has been reserved
[  659.047123] system 00:07: [mem 0xfec00000-0xfec00fff] could not be reserved
[  659.047123] system 00:07: [mem 0xfee00000-0xfee00fff] has been reserved
[  659.047123] system 00:08: [mem 0x00000000-0x0009ffff] could not be reserved
[  659.047123] system 00:08: [mem 0x000c0000-0x000dffff] could not be reserved
[  659.047123] system 00:08: [mem 0x000e0000-0x000fffff] could not be reserved
[  659.047123] system 00:08: [mem 0x00100000-0x3fffffff] could not be reserved
[  659.047123] system 00:08: [mem 0xfffc0000-0xffffffff] has been reserved
[  659.047123] pnp: PnP ACPI: found 9 devices
[  659.047123] clocksource: acpi_pm: mask: 0xffffff max_cycles: 0xffffff, max_idle_ns: 2085701024 ns
[  659.047123] NET: Registered PF_INET protocol family
[  659.047123] IP idents hash table entries: 262144 (order: 9, 2097152 bytes, vmalloc)
[  659.047123] tcp_listen_portaddr_hash hash table entries: 65536 (order: 8, 1048576 bytes, vmalloc)
[  659.174317] Table-perturb hash table entries: 65536 (order: 6, 262144 bytes, vmalloc)
[  659.174317] TCP established hash table entries: 524288 (order: 10, 4194304 bytes, vmalloc hugepage)
[  659.174317] TCP bind hash table entries: 65536 (order: 9, 2097152 bytes, vmalloc)
[  659.174317] TCP: Hash tables configured (established 524288 bind 65536)
[  659.174317] MPTCP token hash table entries: 65536 (order: 8, 1572864 bytes, vmalloc)
[  659.174317] UDP hash table entries: 65536 (order: 9, 2097152 bytes, vmalloc)
[  659.174317] UDP-Lite hash table entries: 65536 (order: 9, 2097152 bytes, vmalloc)
[  659.174317] NET: Registered PF_UNIX/PF_LOCAL protocol family
[  659.174317] NET: Registered PF_XDP protocol family
[  659.174317] pci_bus 0000:00: resource 4 [mem 0xfe0000000-0xfffffffff window]
[  659.174317] pci_bus 0000:00: resource 5 [io  0x0000-0x0cf7 window]
[  659.174317] pci_bus 0000:00: resource 6 [io  0x0d00-0xffff window]
[  659.174317] pci_bus 0000:00: resource 7 [mem 0x000a0000-0x000bffff window]
[  659.174317] pci_bus 0000:00: resource 8 [mem 0x40000000-0xfffbffff window]
[  659.174317] pci 0000:00:00.0: Limiting direct PCI/PCI transfers
[  659.174317] PCI: CLS 0 bytes, default 64
[  659.174317] PCI-DMA: Using software bounce buffering for IO (SWIOTLB)
[  659.174317] software IO TLB: mapped [mem 0x000000003bff0000-0x000000003fff0000] (64MB)
[  659.174317] Initialise system trusted keyrings
[  659.174317] Key type blacklist registered
[  659.174317] workingset: timestamp_bits=36 max_order=26 bucket_order=0
[  659.174317] zbud: loaded
[  659.174317] squashfs: version 4.0 (2009/01/31) Phillip Lougher
[  659.174317] fuse: init (API version 7.39)
[  659.174317] integrity: Platform Keyring initialized
[  659.174317] integrity: Machine keyring initialized
[  659.174317] Key type asymmetric registered
[  659.174317] Asymmetric key parser 'x509' registered
[  659.174317] Block layer SCSI generic (bsg) driver version 0.4 loaded (major 244)
[  659.174317] io scheduler mq-deadline registered
[  659.296810] shpchp: Standard Hot Plug PCI Controller Driver version: 0.4
[  659.296810] hv_vmbus: registering driver hv_pci
[  659.296810] input: Power Button as /devices/LNXSYSTM:00/LNXPWRBN:00/input/input0
[  659.296810] ACPI: button: Power Button [PWRF]
[  659.296810] Serial: 8250/16550 driver, 32 ports, IRQ sharing enabled
[  659.296810] 00:03: ttyS0 at I/O 0x3f8 (irq = 4, base_baud = 115200) is a 16550A
[  659.296810] 00:04: ttyS1 at I/O 0x2f8 (irq = 3, base_baud = 115200) is a 16550A
[  659.296810] Linux agpgart interface v0.103
[  659.384858] loop: module loaded
[  659.384858] hv_vmbus: registering driver hv_storvsc
[  659.384858] Key type psk registered
[  659.384866] scsi host0: storvsc_host_t
[  659.384866] scsi host1: storvsc_host_t
[  659.384866] scsi 1:0:1:0: Direct-Access     Msft     Virtual Disk     1.0  PQ: 0 ANSI: 5
[  659.384866] scsi host2: storvsc_host_t
[  659.384866] scsi 1:0:1:0: Attached scsi generic sg0 type 0
[  659.384866] ata_piix 0000:00:07.1: version 2.13
[  659.384866] ata_piix 0000:00:07.1: Hyper-V Virtual Machine detected, ATA device ignore set
[  659.384866] sd 1:0:1:0: [sda] 1073741824 512-byte logical blocks: (550 GB/512 GiB)
[  659.384866] sd 1:0:1:0: [sda] 4096-byte physical blocks
[  659.384866] sd 1:0:1:0: [sda] Write Protect is off
[  659.384866] sd 1:0:1:0: [sda] Mode Sense: 0f 00 10 00
[  659.384866] sd 1:0:1:0: [sda] Write cache: disabled, read cache: enabled, supports DPO and FUA
[  659.384866]  sda: sda1
[  659.384866] sd 1:0:1:0: [sda] Attached SCSI disk
[  659.384866] scsi 0:0:0:0: Direct-Access     Msft     Virtual Disk     1.0  PQ: 0 ANSI: 5
[  659.384866] scsi host4: ata_piix
[  659.384866] scsi host5: ata_piix
[  659.384866] ata1: PATA max UDMA/33 cmd 0x1f0 ctl 0x3f6 bmdma 0xffa0 irq 14 lpm-pol 0
[  659.384866] ata2: PATA max UDMA/33 cmd 0x170 ctl 0x376 bmdma 0xffa8 irq 15 lpm-pol 0
[  659.384866] ACPI: bus type drm_connector registered
[  659.384866] tun: Universal TUN/TAP device driver, 1.6
[  659.384866] scsi host3: storvsc_host_t
[  659.384866] sd 0:0:0:0: Attached scsi generic sg1 type 0
[  659.384866] sd 0:0:0:0: [sdb] 65011712 512-byte logical blocks: (33.3 GB/31.0 GiB)
[  659.384866] sd 0:0:0:0: [sdb] 4096-byte physical blocks
[  659.384866] sd 0:0:0:0: [sdb] Write Protect is off
[  659.384866] sd 0:0:0:0: [sdb] Mode Sense: 0f 00 10 00
[  659.384866] sd 0:0:0:0: [sdb] Write cache: enabled, read cache: enabled, supports DPO and FUA
[  659.384866] PPP generic driver version 2.4.2
[  659.384866] GPT:Primary header thinks Alt. header is not at the end of the disk.
[  659.384866] GPT:62916607 != 65011711
[  659.384866] GPT:Alternate GPT header not at the end of the disk.
[  659.384866] GPT:62916607 != 65011711
[  659.384866] GPT: Use GNU Parted to correct GPT errors.
[  659.384866]  sdb: sdb1 sdb14 sdb15
[  659.384866] sd 0:0:0:0: [sdb] Attached SCSI disk
[  659.384866] i8042: PNP: PS/2 Controller [PNP0303:PS2K,PNP0f03:PS2M] at 0x60,0x64 irq 1,12
[  659.384866] serio: i8042 KBD port at 0x60,0x64 irq 1
[  659.384866] serio: i8042 AUX port at 0x60,0x64 irq 12
[  659.384866] mousedev: PS/2 mouse device common for all mice
[  659.384866] rtc_cmos 00:00: RTC can wake from S4
[  659.384866] rtc_cmos 00:00: registered as rtc0
[  659.384866] rtc_cmos 00:00: setting system clock to 2025-08-25T00:55:34 UTC (1756083334)
[  659.384866] rtc_cmos 00:00: alarms up to one month, 114 bytes nvram
[  659.384866] device-mapper: core: CONFIG_IMA_DISABLE_HTABLE is disabled. Duplicate IMA measurements will not be recorded in the IMA log.
[  659.384866] device-mapper: uevent: version 1.0.3
[  659.384866] device-mapper: ioctl: 4.48.0-ioctl (2023-03-01) initialised: dm-devel@redhat.com
[  659.384866] platform eisa.0: Probing EISA bus 0
[  659.384866] platform eisa.0: EISA: Cannot allocate resource for mainboard
[  659.384866] platform eisa.0: Cannot allocate resource for EISA slot 1
[  659.384866] platform eisa.0: Cannot allocate resource for EISA slot 2
[  659.384866] platform eisa.0: Cannot allocate resource for EISA slot 3
[  659.384866] platform eisa.0: Cannot allocate resource for EISA slot 4
[  659.384866] input: AT Translated Set 2 keyboard as /devices/platform/i8042/serio0/input/input1
[  659.384866] platform eisa.0: Cannot allocate resource for EISA slot 5
[  659.384866] platform eisa.0: Cannot allocate resource for EISA slot 6
[  659.384866] platform eisa.0: Cannot allocate resource for EISA slot 7
[  659.384866] platform eisa.0: Cannot allocate resource for EISA slot 8
[  659.384866] platform eisa.0: EISA: Detected 0 cards
[  659.384866] amd_pstate: the _CPC object is not present in SBIOS or ACPI disabled
[  659.384866] hv_utils: Registering HyperV Utility Driver
[  659.384866] hv_vmbus: registering driver hv_utils
[  659.384866] hv_vmbus: registering driver hv_balloon
[  659.384866] hv_utils: Shutdown IC version 3.2
[  659.384866] drop_monitor: Initializing network drop monitor service
[  659.384866] hv_utils: Heartbeat IC version 3.0
[  659.384866] NET: Registered PF_INET6 protocol family
[  659.384866] hv_utils: TimeSync IC version 4.0
[  659.384866] Segment Routing with IPv6
[  659.384866] hv_balloon: Using Dynamic Memory protocol version 2.0
[  659.384866] In-situ OAM (IOAM) with IPv6
[  659.384866] NET: Registered PF_PACKET protocol family
[  659.384866] Key type dns_resolver registered
[  659.720403] IPI shorthand broadcast: enabled
[  659.720403] sched_clock: Marking stable (4345004600, 159562800)->(4802134000, -297566600)
[    4.558292] registered taskstats version 1
[    4.558606] ata2.00: ATAPI: Virtual CD, , max MWDMA2
[    4.566885] Loading compiled-in X.509 certificates
[    4.567319] scsi 5:0:0:0: CD-ROM            Msft     Virtual CD/ROM   1.0  PQ: 0 ANSI: 5
[    4.569942] Loaded X.509 cert 'Build time autogenerated kernel key: 1319f43d6a208b2445826d2f119cc419c3c84234'
[    4.585907] Key type .fscrypt registered
[    4.588268] Key type fscrypt-provisioning registered
[    4.591922] sr 5:0:0:0: [sr0] scsi3-mmc drive: 0x/0x tray
[    4.592677] Key type encrypted registered
[    4.594372] cdrom: Uniform CD-ROM driver Revision: 3.20
[    4.596278] AppArmor: AppArmor sha256 policy hashing enabled
[    4.603329] ima: No TPM chip found, activating TPM-bypass!
[    4.606429] Loading compiled-in module X.509 certificates
[    4.609941] Loaded X.509 cert 'Build time autogenerated kernel key: 1319f43d6a208b2445826d2f119cc419c3c84234'
[    4.614962] ima: Allocated hash algorithm: sha256
[    4.617602] ima: No architecture policies found
[    4.620201] evm: Initialising EVM extended attributes:
[    4.623124] evm: security.selinux
[    4.625153] evm: security.SMACK64
[    4.627166] evm: security.SMACK64EXEC
[    4.629394] evm: security.SMACK64TRANSMUTE
[    4.631755] evm: security.SMACK64MMAP
[    4.634002] evm: security.apparmor
[    4.636135] evm: security.ima
[    4.638054] evm: security.capability
[    4.643594] evm: HMAC attrs: 0x1
[    4.646037] PM:   Magic number: 5:778:911
[    4.648443] port serial8250:0.5: hash matches
[    4.651282] memory memory342: hash matches
[    4.654117] sr 5:0:0:0: Attached scsi CD-ROM sr0
[    4.657131] sr 5:0:0:0: Attached scsi generic sg2 type 5
[    4.663630] RAS: Correctable Errors collector initialized.
[    4.666936] clk: Disabling unused clocks
[    4.670526] md: Waiting for all devices to be available before autodetect
[    4.672901] md: If you don't use raid, use raid=noautodetect
[    4.675002] md: Autodetecting RAID arrays.
[    4.676629] md: autorun ...
[    4.677917] md: ... autorun DONE.
[    4.680848] EXT4-fs (sdb1): mounted filesystem 3f615c6d-bac4-457e-ad6a-a3b98be39681 ro with ordered data mode. Quota mode: none.
[    4.684516] VFS: Mounted root (ext4 filesystem) readonly on device 8:17.
[    4.687379] devtmpfs: mounted
[    4.690184] Freeing unused decrypted memory: 2028K
[    4.692700] Freeing unused kernel image (initmem) memory: 4684K
[    4.694782] Write protecting the kernel read-only data: 34816k
[    4.697604] Freeing unused kernel image (rodata/data gap) memory: 1244K
[    4.755615] x86/mm: Checked W+X mappings: passed, no W+X pages found.
[    4.758138] Run /sbin/init as init process
[    4.759801]   with arguments:
[    4.761097]     /sbin/init
[    4.762292]   with environment:
[    4.763622]     HOME=/
[    4.764751]     TERM=linux
[    4.766094]     BOOT_IMAGE=/boot/vmlinuz-6.8.12-decui+
[    5.926580] systemd[1]: Inserted module 'autofs4'
[    6.204428] systemd[1]: systemd 249.11-0ubuntu3.16 running in system mode (+PAM +AUDIT +SELINUX +APPARMOR +IMA +SMACK +SECCOMP +GCRYPT +GNUTLS +OPENSSL +ACL +BLKID +CURL +ELFUTILS +FIDO2 +IDN2 -IDN +IPTC +KMOD +LIBCRYPTSETUP +LIBFDISK +PCRE2 -PWQUALITY -P11KIT -QRENCODE +BZIP2 +LZ4 +XZ +ZLIB +ZSTD -XKBCOMMON +UTMP +SYSVINIT default-hierarchy=unified)
[    6.214044] systemd[1]: Detected virtualization microsoft.
[    6.216021] systemd[1]: Detected architecture x86-64.

Welcome to [1mUbuntu 22.04.5 LTS[0m!

[    6.247895] systemd[1]: Hostname set to <lisa--206-e0-n0>.
[    6.457745] block sdb: the capability attribute has been deprecated.
[    7.277304] systemd[1]: Configuration file /run/systemd/system/netplan-ovs-cleanup.service is marked world-inaccessible. This has no effect as configuration data is accessible via APIs without restrictions. Proceeding anyway.
[    7.472596] systemd[1]: /lib/systemd/system/snapd.service:23: Unknown key name 'RestartMode' in section 'Service', ignoring.
[    7.921481] systemd[1]: Queued start job for default target Graphical Interface.
[    7.924315] systemd[1]: Unnecessary job was removed for /sys/devices/virtual/misc/vmbus!hv_vss.
[    7.927440] systemd[1]: Unnecessary job was removed for /sys/devices/virtual/misc/vmbus!hv_fcopy.
[    7.937546] systemd[1]: Created slice Slice for Azure VM Agent and Extensions.
[[0;32m  OK  [0m] Created slice [0;1;39mSlice for Azure VM Agent and Extensions[0m.
[    7.943244] systemd[1]: Created slice Slice /system/getty.
[[0;32m  OK  [0m] Created slice [0;1;39mSlice /system/getty[0m.
[    7.947633] systemd[1]: Created slice Slice /system/modprobe.
[[0;32m  OK  [0m] Created slice [0;1;39mSlice /system/modprobe[0m.
[    7.952247] systemd[1]: Created slice Slice /system/serial-getty.
[[0;32m  OK  [0m] Created slice [0;1;39mSlice /system/serial-getty[0m.
[    7.956894] systemd[1]: Created slice Slice /system/systemd-fsck.
[[0;32m  OK  [0m] Created slice [0;1;39mSlice /system/systemd-fsck[0m.
[    7.961431] systemd[1]: Created slice User and Session Slice.
[[0;32m  OK  [0m] Created slice [0;1;39mUser and Session Slice[0m.
[    7.965809] systemd[1]: Started Dispatch Password Requests to Console Directory Watch.
[[0;32m  OK  [0m] Started [0;1;39mDispatch Password …ts to Console Directory Watch[0m.
[    7.971000] systemd[1]: Started Forward Password Requests to Wall Directory Watch.
[[0;32m  OK  [0m] Started [0;1;39mForward Password R…uests to Wall Directory Watch[0m.
[    7.976268] systemd[1]: Set up automount Arbitrary Executable File Formats File System Automount Point.
[[0;32m  OK  [0m] Set up automount [0;1;39mArbitrary…s File System Automount Point[0m.
[    7.983379] systemd[1]: Reached target Local Encrypted Volumes.
[[0;32m  OK  [0m] Reached target [0;1;39mLocal Encrypted Volumes[0m.
[    7.987497] systemd[1]: Reached target Slice Units.
[[0;32m  OK  [0m] Reached target [0;1;39mSlice Units[0m.
[    7.991024] systemd[1]: Reached target Mounting snaps.
[[0;32m  OK  [0m] Reached target [0;1;39mMounting snaps[0m.
[    7.994757] systemd[1]: Reached target Mounted snaps.
[[0;32m  OK  [0m] Reached target [0;1;39mMounted snaps[0m.
[    7.998902] systemd[1]: Reached target Swaps.
[[0;32m  OK  [0m] Reached target [0;1;39mSwaps[0m.
[    8.002408] systemd[1]: Reached target System Time Set.
[[0;32m  OK  [0m] Reached target [0;1;39mSystem Time Set[0m.
[    8.006411] systemd[1]: Reached target Local Verity Protected Volumes.
[[0;32m  OK  [0m] Reached target [0;1;39mLocal Verity Protected Volumes[0m.
[    8.011235] systemd[1]: Listening on Device-mapper event daemon FIFOs.
[[0;32m  OK  [0m] Listening on [0;1;39mDevice-mapper event daemon FIFOs[0m.
[    8.016598] systemd[1]: Listening on LVM2 poll daemon socket.
[[0;32m  OK  [0m] Listening on [0;1;39mLVM2 poll daemon socket[0m.
[    8.020995] systemd[1]: Listening on fsck to fsckd communication Socket.
[[0;32m  OK  [0m] Listening on [0;1;39mfsck to fsckd communication Socket[0m.
[    8.025710] systemd[1]: Listening on initctl Compatibility Named Pipe.
[[0;32m  OK  [0m] Listening on [0;1;39minitctl Compatibility Named Pipe[0m.
[    8.030593] systemd[1]: Listening on Journal Audit Socket.
[[0;32m  OK  [0m] Listening on [0;1;39mJournal Audit Socket[0m.
[    8.034683] systemd[1]: Listening on Journal Socket (/dev/log).
[[0;32m  OK  [0m] Listening on [0;1;39mJournal Socket (/dev/log)[0m.
[    8.039500] systemd[1]: Listening on Journal Socket.
[[0;32m  OK  [0m] Listening on [0;1;39mJournal Socket[0m.
[    8.043397] systemd[1]: Listening on Network Service Netlink Socket.
[[0;32m  OK  [0m] Listening on [0;1;39mNetwork Service Netlink Socket[0m.
[    8.048624] systemd[1]: Listening on udev Control Socket.
[[0;32m  OK  [0m] Listening on [0;1;39mudev Control Socket[0m.
[    8.052661] systemd[1]: Listening on udev Kernel Socket.
[[0;32m  OK  [0m] Listening on [0;1;39mudev Kernel Socket[0m.
[    8.062682] systemd[1]: Mounting Huge Pages File System...
         Mounting [0;1;39mHuge Pages File System[0m...
[    8.067424] systemd[1]: Mounting POSIX Message Queue File System...
         Mounting [0;1;39mPOSIX Message Queue File System[0m...
[    8.072753] systemd[1]: Mounting Kernel Debug File System...
         Mounting [0;1;39mKernel Debug File System[0m...
[    8.078413] systemd[1]: Mounting Kernel Trace File System...
         Mounting [0;1;39mKernel Trace File System[0m...
[    8.084401] systemd[1]: Starting Journal Service...
         Starting [0;1;39mJournal Service[0m...
[    8.088887] systemd[1]: Starting Create List of Static Device Nodes...
         Starting [0;1;39mCreate List of Static Device Nodes[0m...
[    8.095406] systemd[1]: Starting Monitoring of LVM2 mirrors, snapshots etc. using dmeventd or progress polling...
         Starting [0;1;39mMonitoring of LVM…meventd or progress polling[0m...
[    8.101349] systemd[1]: Condition check resulted in LXD - agent being skipped.
[    8.105124] systemd[1]: Starting Load Kernel Module configfs...
         Starting [0;1;39mLoad Kernel Module configfs[0m...
[    8.110159] systemd[1]: Starting Load Kernel Module drm...
         Starting [0;1;39mLoad Kernel Module drm[0m...
[    8.114924] systemd[1]: Starting Load Kernel Module efi_pstore...
         Starting [0;1;39mLoad Kernel Module efi_pstore[0m...
[    8.120326] systemd[1]: Starting Load Kernel Module fuse...
         Starting [0;1;39mLoad Kernel Module fuse[0m...
[    8.124245] systemd[1]: Condition check resulted in OpenVSwitch configuration for cleanup being skipped.
[    8.128376] systemd[1]: Starting File System Check on Root Device...
         Starting [0;1;39mFile System Check on Root Device[0m...
[    8.134118] systemd[1]: Starting Load Kernel Modules...
         Starting [0;1;39mLoad Kernel Modules[0m...
[    8.138758] systemd[1]: Starting Coldplug All udev Devices...
         Starting [0;1;39mColdplug All udev Devices[0m...
[    8.144223] systemd[1]: Mounted Huge Pages File System.
[[0;32m  OK  [0m] Mounted [0;1;39mHuge Pages File System[0m.
[    8.148370] systemd[1]: Mounted POSIX Message Queue File System.
[[0;32m  OK  [0m] Mounted [0;1;39mPOSIX Message Queue File System[0m.
[    8.152939] systemd[1]: Started Journal Service.
[[0;32m  OK  [0m] Started [0;1;39mJournal Service[0m.
[[0;32m  OK  [0m] Mounted [0;1;39mKernel Debug File System[0m.
[[0;32m  OK  [0m] Mounted [0;1;39mKernel Trace File System[0m.
[[0;32m  OK  [0m] Finished [0;1;39mCreate List of Static Device Nodes[0m.
[[0;32m  OK  [0m] Finished [0;1;39mLoad Kernel Module configfs[0m.
[[0;32m  OK  [0m] Finished [0;1;39mLoad Kernel Module drm[0m.
[[0;32m  OK  [0m] Finished [0;1;39mLoad Kernel Module fuse[0m.
[[0;32m  OK  [0m] Finished [0;1;39mLoad Kernel Modules[0m.
[[0;32m  OK  [0m] Finished [0;1;39mFile System Check on Root Device[0m.
[[0;32m  OK  [0m] Finished [0;1;39mLoad Kernel Module efi_pstore[0m.
         Mounting [0;1;39mFUSE Control File System[0m...
         Mounting [0;1;39mKernel Configuration File System[0m...
[[0;32m  OK  [0m] Started [0;1;39mFile System Check Daemon to report status[0m.
         Starting [0;1;39mRemount Root and Kernel File Systems[0m...
         Starting [0;1;39mApply Kernel Variables[0m...
[[0;32m  OK  [0m] Mounted [0;1;39mFUSE Control File System[0m.
[[0;32m  OK  [0m] Mounted [0;1;39mKernel Configuration File System[0m.
[[0;32m  OK  [0m] Finished [0;1;39mColdplug All udev Devices[0m.
[[0;32m  OK  [0m] Finished [0;1;39mApply Kernel Variables[0m.
[    8.300025] EXT4-fs (sdb1): re-mounted 3f615c6d-bac4-457e-ad6a-a3b98be39681 r/w. Quota mode: none.
[[0;32m  OK  [0m] Finished [0;1;39mRemount Root and Kernel File Systems[0m.
         Starting [0;1;39mFlush Journal to Persistent Storage[0m...
         Starting [0;1;39mLoad/Save Random Seed[0m...
         Starting [0;1;39mCreate System Users[0m...
[    8.345508] systemd-journald[379]: Received client request to flush runtime journal.
[[0;32m  OK  [0m] Finished [0;1;39mCreate System Users[0m.
         Starting [0;1;39mCreate Static Device Nodes in /dev[0m...
[[0;32m  OK  [0m] Finished [0;1;39mLoad/Save Random Seed[0m.
[[0;32m  OK  [0m] Finished [0;1;39mCreate Static Device Nodes in /dev[0m.
         Starting [0;1;39mRule-based Manage…for Device Events and Files[0m...
[[0;32m  OK  [0m] Started [0;1;39mRule-based Manager for Device Events and Files[0m.
[[0;32m  OK  [0m] Found device [0;1;39m/dev/ttyS0[0m.
[    9.365089] cryptd: max_cpu_qlen set to 1000
[    9.380800] hv_vmbus: registering driver hyperv_keyboard
[    9.381559] hv_vmbus: registering driver hyperv_fb
[    9.383386] input: AT Translated Set 2 keyboard as /devices/LNXSYSTM:00/LNXSYBUS:00/PNP0A03:00/device:07/VMBUS:01/d34b2567-b9b6-42b9-8778-0a4ec0b955bf/serio2/input/input3
[    9.384440] hyperv_fb: Synthvid Version major 3, minor 5
[    9.392353] hyperv_fb: Screen resolution: 1024x768, Color depth: 32, Frame buffer size: 8388608
[    9.395315] hyperv_fb: Unable to allocate enough contiguous physical memory on Gen 1 VM. Using MMIO instead.
[    9.399844] Console: switching to colour frame buffer device 128x48
[[0;32m  OK  [0m] Found device [0;1;39m/sys/devices/virtual/misc/vmbus!hv_kvp[0m.
[[0;32m  OK  [0m] Listening on [0;1;39mLoad/Save RF …itch Status /dev/rfkill Watch[0m.
[    9.430474] hv_vmbus: registering driver hyperv_drm
[    9.438836] hid: raw HID events driver (C) Jiri Kosina
[[0;32m  OK  [0m] Started [0;1;39mHyper-V KVP Protocol Daemon[0m.
         Starting [0;1;39mCloud-init: Local Stage (pre-network)[0m...
[    9.450821] hv_vmbus: registering driver hv_netvsc
[    9.463354] hv_vmbus: registering driver hid_hyperv
[    9.465320] input: Microsoft Vmbus HID-compliant Mouse as /devices/0006:045E:0621.0001/input/input4
[    9.468017] hid-hyperv 0006:045E:0621.0001: input: VIRTUAL HID v0.01 Mouse [Microsoft Vmbus HID-compliant Mouse] on 
[    9.587801] AVX2 version of gcm_enc/dec engaged.
[    9.590168] AES CTR mode by8 optimization enabled
[    9.654102] hv_netvsc 7ced8d90-e123-7ced-8d90-e1237ced8d90 eth0: VF slot 1 added
[    9.826724] hv_pci 642088ff-c305-4207-aa03-961ebff498c1: PCI VMBus probing: Using version 0x10004
[    9.830692] hv_pci 642088ff-c305-4207-aa03-961ebff498c1: PCI host bridge to bus c305:00
[    9.832929] pci_bus c305:00: root bus resource [mem 0xfe0000000-0xfe00fffff window]
[    9.835157] pci_bus c305:00: No busn resource found for root bus, will use [bus 00-ff]
[    9.838992] pci c305:00:02.0: [15b3:1016] type 00 class 0x020000 PCIe Endpoint
[    9.844173] pci c305:00:02.0: BAR 0 [mem 0xfe0000000-0xfe00fffff 64bit pref]
[    9.846680] pci c305:00:02.0: enabling Extended Tags
[    9.855151] pci c305:00:02.0: 0.000 Gb/s available PCIe bandwidth, limited by Unknown x0 link at c305:00:02.0 (capable of 63.008 Gb/s with 8.0 GT/s PCIe x8 link)
[    9.866155] pci_bus c305:00: busn_res: [bus 00-ff] end is updated to 00
[    9.868089] pci c305:00:02.0: BAR 0 [mem 0xfe0000000-0xfe00fffff 64bit pref]: assigned
[   10.515281] mlx5_core c305:00:02.0: enabling device (0000 -> 0002)
[   10.520897] mlx5_core c305:00:02.0: firmware version: 14.30.5000
[   10.753076] hv_netvsc 7ced8d90-e123-7ced-8d90-e1237ced8d90 eth0: VF registering: eth1
[   10.755904] mlx5_core c305:00:02.0 eth1: joined to eth0
[   10.758374] mlx5_core c305:00:02.0 eth1: Disabling LRO, not supported in legacy RQ
[   10.761281] mlx5_core c305:00:02.0 eth1: Disabling LRO, not supported in legacy RQ
[   10.763736] mlx5_core c305:00:02.0: MLX5E: StrdRq(0) RqSz(1024) StrdSz(256) RxCqeCmprss(0 basic)
[   10.766668] mlx5_core c305:00:02.0: is_dpll_supported:213:(pid 213): Missing SyncE capability
[[0;32m  OK  [0m] Finished [0;1;39mFlush Journal to Persisten[   10.777189] mlx5_core c305:00:02.0 eth1: Disabling LRO, not supported in legacy RQ
t Storage[0m.
[   10.789589] mlx5_core c305:00:02.0 enP49925s1: renamed from eth1
[   10.930548] MACsec IEEE 802.1AE
[   11.061711] mlx5_core c305:00:02.0 enP49925s1: Disabling LRO, not supported in legacy RQ
[   12.669284] cloud-init[576]: Cloud-init v. 25.1.4-0ubuntu0~22.04.1 running 'init-local' at Mon, 25 Aug 2025 00:55:42 +0000. Up 12.60 seconds.
[[0;32m  OK  [0m] Finished [0;1;39mMonitoring of LVM… dmeventd or progress polling[0m.
[[0;32m  OK  [0m] Reached target [0;1;39mPreparation for Local File Systems[0m.
         Starting [0;1;39mFile System Check…/cloud/azure_resource-part1[0m...
[[0;32m  OK  [0m] Finished [0;1;39mFile System Check…sk/cloud/azure_resource-part1[0m.
[[0;32m  OK  [0m] Started [0;1;39mHyper-V KVP Protocol Daemon[0m.
[[0;1;31m TIME [0m] Timed out waiting for device [0;1;39m/dev/disk/by-uuid/A685-685B[0m.
[[0;1;38;5;185mDEPEND[0m] Dependency failed for [0;1;39mFile…n /dev/disk/by-uuid/A685-685B[0m.
[[0;1;38;5;185mDEPEND[0m] Dependency failed for [0;1;39m/boot/efi[0m.
[[0;1;38;5;185mDEPEND[0m] Dependency failed for [0;1;39mLocal File Systems[0m.
[[0;32m  OK  [0m] Stopped [0;1;39mDispatch Password …ts to Console Directory Watch[0m.
[[0;32m  OK  [0m] Stopped [0;1;39mForward Password R…uests to Wall Directory Watch[0m.
[[0;32m  OK  [0m] Reached target [0;1;39mTimer Units[0m.
[[0;32m  OK  [0m] Reached target [0;1;39mSystem Time Synchronized[0m.
[[0;32m  OK  [0m] Reached target [0;1;39mCloud-init target[0m.
         Starting [0;1;39mCreate final runt…dir for shutdown pivot root[0m...
[[0;32m  OK  [0m] Reached target [0;1;39mLogin Prompts[0m.
[[0;32m  OK  [0m] Reached target [0;1;39mPreparation for Logins[0m.
         Starting [0;1;39mSetup network rules for WALinuxAgent[0m...
[[0;32m  OK  [0m] Reached target [0;1;39mPath Units[0m.
[[0;32m  OK  [0m] Reached target [0;1;39mSocket Units[0m.
[[0;32m  OK  [0m] Listening on [0;1;39mD-Bus System Message Bus Socket[0m.
         Starting [0;1;39mLoad AppArmor profiles[0m...
[[0;32m  OK  [0m] Started [0;1;39mD-Bus System Message Bus[0m.
[[0;32m  OK  [0m] Started [0;1;39mEmergency Shell[0m.
[[0;32m  OK  [0m] Reached target [0;1;39mEmergency Mode[0m.
         Starting [0;1;39mSet Up Additional Binary Formats[0m...
         Starting [0;1;39mCreate Volatile Files and Directories[0m...
[[0;32m  OK  [0m] Finished [0;1;39mCreate final runt…e dir for shutdown pivot root[0m.
[   98.255345] audit: type=1400 audit(1756083428.438:2): apparmor="STATUS" operation="profile_load" profile="unconfined" name="lsb_release" pid=606 comm="apparmor_parser"
[   98.265630] audit: type=1400 audit(1756083428.449:3): apparmor="STATUS" operation="profile_load" profile="unconfined" name="ubuntu_pro_apt_news" pid=609 comm="apparmor_parser"
[   98.281641] audit: type=1400 audit(1756083428.465:4): apparmor="STATUS" operation="profile_load" profile="unconfined" name="nvidia_modprobe" pid=607 comm="apparmor_parser"
[   98.286648] audit: type=1400 audit(1756083428.465:5): apparmor="STATUS" operation="profile_load" profile="unconfined" name="nvidia_modprobe//kmod" pid=607 comm="apparmor_parser"
[   98.291993] audit: type=1400 audit(1756083428.466:6): apparmor="STATUS" operation="profile_load" profile="unconfined" name="/usr/sbin/chronyd" pid=612 comm="apparmor_parser"
[   98.297000] audit: type=1400 audit(1756083428.472:7): apparmor="STATUS" operation="profile_load" profile="unconfined" name="/usr/lib/NetworkManager/nm-dhcp-client.action" pid=608 comm="apparmor_parser"
[   98.302872] audit: type=1400 audit(1756083428.472:8): apparmor="STATUS" operation="profile_load" profile="unconfined" name="/usr/lib/NetworkManager/nm-dhcp-helper" pid=608 comm="apparmor_parser"
[   98.309783] audit: type=1400 audit(1756083428.472:9): apparmor="STATUS" operation="profile_load" profile="unconfined" name="/usr/lib/connman/scripts/dhclient-script" pid=608 comm="apparmor_parser"
[   98.315390] audit: type=1400 audit(1756083428.472:10): apparmor="STATUS" operation="profile_load" profile="unconfined" name="/{,usr/}sbin/dhclient" pid=608 comm="apparmor_parser"
[   98.320643] audit: type=1400 audit(1756083428.476:11): apparmor="STATUS" operation="profile_load" profile="unconfined" name="/usr/lib/snapd/snap-confine" pid=611 comm="apparmor_parser"
[  247.906768] INFO: task systemd:1 blocked for more than 122 seconds.
[  247.909276]       Tainted: G        W          6.8.12-decui+ #13
[  247.911440] "echo 0 > /proc/sys/kernel/hung_task_timeout_secs" disables this message.
[  247.914147] task:systemd         state:D stack:0     pid:1     tgid:1     ppid:0      flags:0x00000002
[  247.917259] Call Trace:
[  247.918420]  <TASK>
[  247.919493]  __schedule+0x3f1/0x1640
[  247.920973]  ? __memcg_slab_post_alloc_hook+0x186/0x220
[  247.923127]  ? srso_alias_return_thunk+0x5/0xfbef5
[  247.925048]  schedule+0x2e/0xf0
[  247.926587]  schedule_timeout+0xe2/0xf0
[  247.928152]  ? srso_alias_return_thunk+0x5/0xfbef5
[  247.930023]  __wait_for_common+0x94/0x190
[  247.931616]  ? __pfx_schedule_timeout+0x10/0x10
[  247.933350]  wait_for_completion+0x24/0x30
[  247.934934]  __wait_rcu_gp+0x125/0x130
[  247.936427]  synchronize_rcu+0xe9/0x100
[  247.938000]  ? __pfx_call_rcu_hurry+0x10/0x10
[  247.939693]  ? __pfx_wakeme_after_rcu+0x10/0x10
[  247.941378]  rcu_sync_enter+0x89/0xe0
[  247.942838]  ? _kstrtoull+0x3b/0x90
[  247.944238]  percpu_down_write+0x2b/0x1a0
[  247.945886]  cgroup_procs_write_start+0xe9/0x160
[  247.947602]  __cgroup_procs_write+0x5d/0x160
[  247.949214]  cgroup_procs_write+0x17/0x30
[  247.950741]  cgroup_file_write+0x8d/0x180
[  247.952253]  ? __check_object_size+0x280/0x2f0
[  247.953962]  kernfs_fop_write_iter+0x13f/0x1c0
[  247.955605]  vfs_write+0x2f0/0x410
[  247.956989]  ksys_write+0x67/0xf0
[  247.958335]  __x64_sys_write+0x19/0x20
[  247.959775]  x64_sys_call+0x1669/0x20a0
[  247.961217]  do_syscall_64+0x7c/0x160
[  247.962623]  ? srso_alias_return_thunk+0x5/0xfbef5
[  247.964301]  ? do_user_addr_fault+0x345/0x640
[  247.965892]  ? srso_alias_return_thunk+0x5/0xfbef5
[  247.967578]  ? irqentry_exit_to_user_mode+0x7b/0x220
[  247.969296]  ? srso_alias_return_thunk+0x5/0xfbef5
[  247.971035]  ? irqentry_exit+0x1d/0x30
[  247.972446]  ? srso_alias_return_thunk+0x5/0xfbef5
[  247.974099]  ? exc_page_fault+0x80/0x160
[  247.975501]  entry_SYSCALL_64_after_hwframe+0x78/0x80
[  247.977239] RIP: 0033:0x753f3c714887
[  247.978548] RSP: 002b:00007fffa0084e68 EFLAGS: 00000246 ORIG_RAX: 0000000000000001
[  247.981130] RAX: ffffffffffffffda RBX: 0000000000000004 RCX: 0000753f3c714887
[  247.983476] RDX: 0000000000000004 RSI: 00007fffa0084ffa RDI: 0000000000000030
[  247.985839] RBP: 00007fffa0084ffa R08: 0000000000000004 R09: 00007fffa0084e80
[  247.988440] R10: 0000000000000000 R11: 0000000000000246 R12: 0000000000000004
[  247.990764] R13: 00005a9e6d3690e0 R14: 0000753f3c816a00 R15: 0000000000000004
[  247.993028]  </TASK>
[  247.993969] INFO: task kworker/25:1:250 blocked for more than 122 seconds.
[  247.996367]       Tainted: G        W          6.8.12-decui+ #13
[  247.998434] "echo 0 > /proc/sys/kernel/hung_task_timeout_secs" disables this message.
[  248.000874] task:kworker/25:1    state:D stack:0     pid:250   tgid:250   ppid:2      flags:0x00004000
[  248.003943] Workqueue: events do_free_init
[  248.005520] Call Trace:
[  248.006522]  <TASK>
[  248.007452]  __schedule+0x3f1/0x1640
[  248.008808]  ? srso_alias_return_thunk+0x5/0xfbef5
[  248.010434]  ? srso_alias_return_thunk+0x5/0xfbef5
[  248.012078]  ? update_dl_rq_load_avg+0x1c2/0x230
[  248.013699]  schedule+0x2e/0xf0
[  248.014874]  schedule_timeout+0xe2/0xf0
[  248.016258]  ? srso_alias_return_thunk+0x5/0xfbef5
[  248.017966]  ? srso_alias_return_thunk+0x5/0xfbef5
[  248.019841]  __wait_for_common+0x94/0x190
[  248.021350]  ? __pfx_schedule_timeout+0x10/0x10
[  248.022946]  wait_for_completion+0x24/0x30
[  248.024418]  __wait_rcu_gp+0x125/0x130
[  248.025797]  synchronize_rcu+0xe9/0x100
[  248.027250]  ? __pfx_call_rcu_hurry+0x10/0x10
[  248.028818]  ? __pfx_wakeme_after_rcu+0x10/0x10
[  248.030555]  do_free_init+0x1a/0x80
[  248.031894]  process_one_work+0x17e/0x360
[  248.033365]  worker_thread+0x2fe/0x420
[  248.034938]  ? _raw_spin_unlock_irqrestore+0xe/0x20
[  248.036680]  ? __pfx_worker_thread+0x10/0x10
[  248.038268]  kthread+0xd6/0x100
[  248.039493]  ? __pfx_kthread+0x10/0x10
[  248.040832]  ret_from_fork+0x3c/0x60
[  248.042118]  ? __pfx_kthread+0x10/0x10
[  248.043442]  ret_from_fork_asm+0x1b/0x30
[  248.044825]  </TASK>
[  248.045837] INFO: task kworker/25:2:417 blocked for more than 123 seconds.
[  248.053443]       Tainted: G        W          6.8.12-decui+ #13
[  248.060385] "echo 0 > /proc/sys/kernel/hung_task_timeout_secs" disables this message.
[  248.069228] task:kworker/25:2    state:D stack:0     pid:417   tgid:417   ppid:2      flags:0x00004000
[  248.079343] Workqueue: events crc_t10dif_rehash
[  248.084775] Call Trace:
[  248.087979]  <TASK>
[  248.090925]  __schedule+0x3f1/0x1640
[  248.095398]  ? check_preempt_wakeup_fair+0x140/0x190
[  248.101828]  schedule+0x2e/0xf0
[  248.105950]  schedule_timeout+0xe2/0xf0
[  248.110626]  ? srso_alias_return_thunk+0x5/0xfbef5
[  248.116337]  ? __cond_resched+0x1a/0x50
[  248.120941]  ? srso_alias_return_thunk+0x5/0xfbef5
[  248.126550]  ? srso_alias_return_thunk+0x5/0xfbef5
[  248.132264]  __wait_for_common+0x94/0x190
[  248.137262]  ? __pfx_schedule_timeout+0x10/0x10
[  248.142736]  wait_for_completion+0x24/0x30
[  248.147873]  __wait_rcu_gp+0x125/0x130
[  248.152405]  synchronize_rcu+0xe9/0x100
[  248.157031]  ? __pfx_call_rcu_hurry+0x10/0x10
[  248.162145]  ? __pfx_wakeme_after_rcu+0x10/0x10
[  248.167638]  crc_t10dif_rehash+0x4e/0xa0
[  248.172180]  process_one_work+0x17e/0x360
[  248.176912]  worker_thread+0x2fe/0x420
[  248.181297]  ? _raw_spin_unlock_irqrestore+0xe/0x20
[  248.186859]  ? __pfx_worker_thread+0x10/0x10
[  248.191783]  kthread+0xd6/0x100
[  248.195853]  ? __pfx_kthread+0x10/0x10
[  248.200288]  ret_from_fork+0x3c/0x60
[  248.204482]  ? __pfx_kthread+0x10/0x10
[  248.209293]  ret_from_fork_asm+0x1b/0x30
[  248.213950]  </TASK>
[  248.216995] INFO: task systemd-udevd:455 blocked for more than 123 seconds.
[  248.224304]       Tainted: G        W          6.8.12-decui+ #13
[  248.231087] "echo 0 > /proc/sys/kernel/hung_task_timeout_secs" disables this message.
[  248.239656] task:systemd-udevd   state:D stack:0     pid:455   tgid:455   ppid:418    flags:0x00004006
[  248.249355] Call Trace:
[  248.252351]  <TASK>
[  248.255144]  __schedule+0x3f1/0x1640
[  248.259501]  ? idr_alloc_cyclic+0x55/0xb0
[  248.264061]  schedule+0x2e/0xf0
[  248.267954]  schedule_timeout+0xe2/0xf0
[  248.272441]  ? kernfs_activate+0x87/0xd0
[  248.277102]  ? srso_alias_return_thunk+0x5/0xfbef5
[  248.282389]  ? srso_alias_return_thunk+0x5/0xfbef5
[  248.287893]  __wait_for_common+0x94/0x190
[  248.292653]  ? __pfx_schedule_timeout+0x10/0x10
[  248.297954]  wait_for_completion+0x24/0x30
[  248.302780]  __wait_rcu_gp+0x125/0x130
[  248.307108]  synchronize_rcu+0xe9/0x100
[  248.311523]  ? __pfx_call_rcu_hurry+0x10/0x10
[  248.316603]  ? __pfx_wakeme_after_rcu+0x10/0x10
[  248.321836]  do_init_module+0x244/0x2a0
[  248.326912]  load_module+0x240a/0x24b0
[  248.331361]  init_module_from_file+0x9a/0xf0
[  248.336178]  ? init_module_from_file+0x9a/0xf0
[  248.341723]  idempotent_init_module+0x188/0x240
[  248.346836]  __x64_sys_finit_module+0x60/0xc0
[  248.351927]  x64_sys_call+0x18ec/0x20a0
[  248.356714]  do_syscall_64+0x7c/0x160
[  248.360935]  ? srso_alias_return_thunk+0x5/0xfbef5
[  248.366317]  ? do_mmap+0x440/0x640
[  248.370367]  ? srso_alias_return_thunk+0x5/0xfbef5
[  248.375934]  ? vm_mmap_pgoff+0x112/0x190
[  248.380499]  ? srso_alias_return_thunk+0x5/0xfbef5
[  248.385924]  ? ksys_mmap_pgoff+0x112/0x260
[  248.390915]  ? srso_alias_return_thunk+0x5/0xfbef5
[  248.396218]  ? syscall_exit_to_user_mode+0x81/0x220
[  248.401768]  ? srso_alias_return_thunk+0x5/0xfbef5
[  248.407254]  ? do_syscall_64+0x88/0x160
[  248.411892]  ? srso_alias_return_thunk+0x5/0xfbef5
[  248.417406]  ? do_syscall_64+0x88/0x160
[  248.421928]  ? exc_page_fault+0x80/0x160
[  248.426493]  entry_SYSCALL_64_after_hwframe+0x78/0x80
[  248.432479] RIP: 0033:0x731c6791e88d
[  248.436935] RSP: 002b:00007ffdbd71a0d8 EFLAGS: 00000246 ORIG_RAX: 0000000000000139
[  248.444945] RAX: ffffffffffffffda RBX: 0000642c1006c720 RCX: 0000731c6791e88d
[  248.452903] RDX: 0000000000000000 RSI: 0000731c67ae3441 RDI: 0000000000000018
[  248.460757] RBP: 0000000000020000 R08: 0000000000000000 R09: 00007ffdbd71a210
[  248.468480] R10: 0000000000000018 R11: 0000000000000246 R12: 0000731c67ae3441
[  248.476178] R13: 0000642c1016e1b0 R14: 0000642c1015d8a0 R15: 0000642c1016e200
[  248.484103]  </TASK>
[  248.486941] INFO: task systemd-udevd:481 blocked for more than 123 seconds.
[  248.494364]       Tainted: G        W          6.8.12-decui+ #13
[  248.500943] "echo 0 > /proc/sys/kernel/hung_task_timeout_secs" disables this message.
[  248.509175] task:systemd-udevd   state:D stack:0     pid:481   tgid:481   ppid:418    flags:0x00000006
[  248.518983] Call Trace:
[  248.522119]  <TASK>
[  248.524962]  __schedule+0x3f1/0x1640
[  248.529184]  ? srso_alias_return_thunk+0x5/0xfbef5
[  248.535479]  ? evdev_ioctl+0x7d/0xb0
[  248.539816]  schedule+0x2e/0xf0
[  248.543744]  schedule_timeout+0xe2/0xf0
[  248.548405]  ? srso_alias_return_thunk+0x5/0xfbef5
[  248.553805]  ? srso_alias_return_thunk+0x5/0xfbef5
[  248.559198]  __wait_for_common+0x94/0x190
[  248.563859]  ? __pfx_schedule_timeout+0x10/0x10
[  248.569187]  wait_for_completion+0x24/0x30
[  248.573954]  __wait_rcu_gp+0x125/0x130
[  248.578382]  synchronize_rcu+0xe9/0x100
[  248.582921]  ? __pfx_call_rcu_hurry+0x10/0x10
[  248.587954]  ? __pfx_wakeme_after_rcu+0x10/0x10
[  248.593192]  evdev_release+0xbd/0x150
[  248.600295]  __fput+0xaa/0x2f0
[  248.605038]  __fput_sync+0x1a/0x20
[  248.609653]  __x64_sys_close+0x3e/0x80
[  248.614438]  x64_sys_call+0x187e/0x20a0
[  248.618978]  do_syscall_64+0x7c/0x160
[  248.623287]  ? srso_alias_return_thunk+0x5/0xfbef5
[  248.629040]  ? srso_alias_return_thunk+0x5/0xfbef5
[  248.634662]  ? __seccomp_filter+0x3d7/0x5c0
[  248.639693]  ? srso_alias_return_thunk+0x5/0xfbef5
[  248.645925]  ? evdev_ioctl+0x7d/0xb0
[  248.650193]  ? srso_alias_return_thunk+0x5/0xfbef5
[  248.655558]  ? __x64_sys_ioctl+0x98/0xd0
[  248.660186]  ? srso_alias_return_thunk+0x5/0xfbef5
[  248.665765]  ? syscall_exit_to_user_mode+0x81/0x220
[  248.671736]  ? srso_alias_return_thunk+0x5/0xfbef5
[  248.677483]  ? do_syscall_64+0x88/0x160
[  248.681945]  ? srso_alias_return_thunk+0x5/0xfbef5
[  248.687331]  ? do_syscall_64+0x88/0x160
[  248.692101]  ? srso_alias_return_thunk+0x5/0xfbef5
[  248.697756]  ? exc_page_fault+0x80/0x160
[  248.702413]  entry_SYSCALL_64_after_hwframe+0x78/0x80
[  248.708077] RIP: 0033:0x731c67914f67
[  248.712503] RSP: 002b:00007ffdbd715948 EFLAGS: 00000246 ORIG_RAX: 0000000000000003
[  248.720666] RAX: ffffffffffffffda RBX: 0000731c676956c0 RCX: 0000731c67914f67
[  248.728725] RDX: 00007ffdbd715a00 RSI: 0000000080184541 RDI: 0000000000000006
[  248.736507] RBP: 0000000000000006 R08: 0000000000000000 R09: 0000000000000000
[  248.744929] R10: 0000000000000000 R11: 0000000000000246 R12: 0000000000000000
[  248.752578] R13: 00007ffdbd715a00 R14: 0000642bda4bfb00 R15: 0000642bda4d5123
[  248.761109]  </TASK>
[  248.763961] INFO: task ata_id:551 blocked for more than 123 seconds.
[  248.770839]       Tainted: G        W          6.8.12-decui+ #13
[  248.777540] "echo 0 > /proc/sys/kernel/hung_task_timeout_secs" disables this message.
[  248.785850] task:ata_id          state:D stack:0     pid:551   tgid:551   ppid:476    flags:0x00000006
[  248.795973] Call Trace:
[  248.799111]  <TASK>
[  248.801955]  __schedule+0x3f1/0x1640
[  248.806290]  ? srso_alias_return_thunk+0x5/0xfbef5
[  248.811947]  ? srso_alias_return_thunk+0x5/0xfbef5
[  248.817426]  ? _raw_spin_unlock_irqrestore+0xe/0x20
[  248.822972]  ? srso_alias_return_thunk+0x5/0xfbef5
[  248.828441]  ? __mod_timer+0x281/0x420
[  248.832884]  schedule+0x2e/0xf0
[  248.836919]  schedule_timeout+0x7b/0xf0
[  248.841404]  ? __pfx_process_timeout+0x10/0x10
[  248.846699]  io_schedule_timeout+0x51/0x80
[  248.851848]  __wait_for_common+0x94/0x190
[  248.856894]  ? __pfx_io_schedule_timeout+0x10/0x10
[  248.862425]  wait_for_completion_io_timeout+0x1d/0x30
[  248.868225]  blk_execute_rq+0x15b/0x240
[  248.874975]  sg_io+0x1da/0x360
[  248.879086]  scsi_ioctl+0x35c/0x8f0
[  248.883287]  ? blkdev_ioctl+0x14f/0x290
[  248.888393]  sr_block_ioctl+0xe3/0x100
[  248.892897]  blkdev_ioctl+0x14f/0x290
[  248.897283]  __x64_sys_ioctl+0x98/0xd0
[  248.901955]  x64_sys_call+0x11ed/0x20a0
[  248.906676]  do_syscall_64+0x7c/0x160
[  248.911314]  ? do_user_addr_fault+0x345/0x640
[  248.916438]  ? srso_alias_return_thunk+0x5/0xfbef5
[  248.922356]  ? irqentry_exit_to_user_mode+0x7b/0x220
[  248.928406]  ? srso_alias_return_thunk+0x5/0xfbef5
[  248.934673]  ? irqentry_exit+0x1d/0x30
[  248.939293]  ? srso_alias_return_thunk+0x5/0xfbef5
[  248.945037]  ? exc_page_fault+0x80/0x160
[  248.950124]  entry_SYSCALL_64_after_hwframe+0x78/0x80
[  248.956111] RIP: 0033:0x7ae3dd71a94f
[  248.960499] RSP: 002b:00007ffebfd7a940 EFLAGS: 00000246 ORIG_RAX: 0000000000000010
[  248.968887] RAX: ffffffffffffffda RBX: 00007ffebfd7ce44 RCX: 00007ae3dd71a94f
[  248.976966] RDX: 00007ffebfd7aa00 RSI: 0000000000002285 RDI: 0000000000000003
[  248.985991] RBP: 00007ffebfd7ac60 R08: 00000000ffffffff R09: 0000000000000000
[  248.993907] R10: 0000000000000000 R11: 0000000000000246 R12: 0000000000000001
[  249.002137] R13: 0000000000000003 R14: 00007ffebfd7b060 R15: 0000000000000000
[  249.010191]  </TASK>
[  249.013388] INFO: task (plymouth):598 blocked for more than 123 seconds.
[  249.020963]       Tainted: G        W          6.8.12-decui+ #13
[  249.027805] "echo 0 > /proc/sys/kernel/hung_task_timeout_secs" disables this message.
[  249.036699] task:(plymouth)      state:D stack:0     pid:598   tgid:598   ppid:1      flags:0x00000002
[  249.046972] Call Trace:
[  249.050393]  <TASK>
[  249.053374]  __schedule+0x3f1/0x1640
[  249.057657]  ? do_filp_open+0xb2/0x160
[  249.062361]  schedule+0x2e/0xf0
[  249.066366]  schedule_preempt_disabled+0xe/0x20
[  249.071836]  __mutex_lock.constprop.0+0x371/0x680
[  249.077347]  __mutex_lock_slowpath+0x13/0x20
[  249.082628]  mutex_lock+0x38/0x50
[  249.086887]  cgroup_kn_lock_live+0x47/0xd0
[  249.091840]  __cgroup_procs_write+0x3e/0x160
[  249.098286]  cgroup_procs_write+0x17/0x30
[  249.103050]  cgroup_file_write+0x8d/0x180
[  249.107901]  ? __check_object_size+0x280/0x2f0
[  249.113274]  kernfs_fop_write_iter+0x13f/0x1c0
[  249.118696]  vfs_write+0x2f0/0x410
[  249.122983]  ksys_write+0x67/0xf0
[  249.127215]  __x64_sys_write+0x19/0x20
[  249.131998]  x64_sys_call+0x1669/0x20a0
[  249.136631]  do_syscall_64+0x7c/0x160
[  249.141128]  ? srso_alias_return_thunk+0x5/0xfbef5
[  249.147122]  ? irqentry_exit+0x1d/0x30
[  249.151802]  ? srso_alias_return_thunk+0x5/0xfbef5
[  249.157552]  ? exc_page_fault+0x80/0x160
[  249.162757]  entry_SYSCALL_64_after_hwframe+0x78/0x80
[  249.168657] RIP: 0033:0x753f3c714887
[  249.173219] RSP: 002b:00007fffa0084988 EFLAGS: 00000246 ORIG_RAX: 0000000000000001
[  249.181967] RAX: ffffffffffffffda RBX: 0000000000000004 RCX: 0000753f3c714887
[  249.190018] RDX: 0000000000000004 RSI: 00007fffa0084b1a RDI: 0000000000000003
[  249.198176] RBP: 00007fffa0084b1a R08: 0000000000000004 R09: 00007fffa00849a0
[  249.205969] R10: 0000000000000000 R11: 0000000000000246 R12: 0000000000000004
[  249.215517] R13: 00005a9e6d3690e0 R14: 0000753f3c816a00 R15: 0000000000000004
[  249.223817]  </TASK>
[  249.226788] INFO: task (mount):605 blocked for more than 124 seconds.
[  249.233944]       Tainted: G        W          6.8.12-decui+ #13
[  249.241073] "echo 0 > /proc/sys/kernel/hung_task_timeout_secs" disables this message.
[  249.249996] task:(mount)         state:D stack:0     pid:605   tgid:605   ppid:1      flags:0x00000002
[  249.260733] Call Trace:
[  249.264160]  <TASK>
[  249.267173]  __schedule+0x3f1/0x1640
[  249.271825]  ? srso_alias_return_thunk+0x5/0xfbef5
[  249.277664]  ? srso_alias_return_thunk+0x5/0xfbef5
[  249.283297]  ? syscall_exit_to_user_mode+0x81/0x220
[  249.289331]  schedule+0x2e/0xf0
[  249.293385]  schedule_preempt_disabled+0xe/0x20
[  249.298966]  __mutex_lock.constprop.0+0x371/0x680
[  249.305263]  ? next_uptodate_folio+0x9f/0x310
[  249.310478]  __mutex_lock_slowpath+0x13/0x20
[  249.315398]  mutex_lock+0x38/0x50
[  249.320136]  cgroup_kn_lock_live+0x47/0xd0
[  249.324922]  __cgroup_procs_write+0x3e/0x160
[  249.329948]  cgroup_procs_write+0x17/0x30
[  249.334604]  cgroup_file_write+0x8d/0x180
[  249.339376]  ? __check_object_size+0x280/0x2f0
[  249.344700]  kernfs_fop_write_iter+0x13f/0x1c0
[  249.349842]  vfs_write+0x2f0/0x410
[  249.354021]  ksys_write+0x67/0xf0
[  249.357946]  __x64_sys_write+0x19/0x20
[  249.362385]  x64_sys_call+0x1669/0x20a0
[  249.366982]  do_syscall_64+0x7c/0x160
[  249.371367]  ? srso_alias_return_thunk+0x5/0xfbef5
[  249.377002]  ? do_user_addr_fault+0x345/0x640
[  249.382203]  ? srso_alias_return_thunk+0x5/0xfbef5
[  249.387825]  ? irqentry_exit_to_user_mode+0x7b/0x220
[  249.393659]  ? srso_alias_return_thunk+0x5/0xfbef5
[  249.399072]  ? irqentry_exit+0x1d/0x30
[  249.403567]  ? srso_alias_return_thunk+0x5/0xfbef5
[  249.409218]  ? exc_page_fault+0x80/0x160
[  249.413986]  entry_SYSCALL_64_after_hwframe+0x78/0x80
[  249.419917] RIP: 0033:0x753f3c714887
[  249.424386] RSP: 002b:00007fffa0084ae8 EFLAGS: 00000246 ORIG_RAX: 0000000000000001
[  249.433521] RAX: ffffffffffffffda RBX: 0000000000000004 RCX: 0000753f3c714887
[  249.441366] RDX: 0000000000000004 RSI: 00007fffa0084c7a RDI: 0000000000000003
[  249.448968] RBP: 00007fffa0084c7a R08: 0000000000000004 R09: 00007fffa0084b00
[  249.456796] R10: 0000000000000000 R11: 0000000000000246 R12: 0000000000000004
[  249.464870] R13: 00005a9e6d3690e0 R14: 0000753f3c816a00 R15: 0000000000000004
[  249.473324]  </TASK>
[  249.476678] INFO: task nft:619 blocked for more than 124 seconds.
[  249.483862]       Tainted: G        W          6.8.12-decui+ #13
[  249.490496] "echo 0 > /proc/sys/kernel/hung_task_timeout_secs" disables this message.
[  249.499105] task:nft             state:D stack:0     pid:619   tgid:619   ppid:604    flags:0x00000002
[  249.509238] Call Trace:
[  249.512819]  <TASK>
[  249.515862]  __schedule+0x3f1/0x1640
[  249.520279]  ? smp_call_function_many_cond+0x109/0x4f0
[  249.526254]  ? __pfx_do_sync_core+0x10/0x10
[  249.531908]  schedule+0x2e/0xf0
[  249.535882]  schedule_timeout+0xe2/0xf0
[  249.540675]  ? srso_alias_return_thunk+0x5/0xfbef5
[  249.548104]  __wait_for_common+0x94/0x190
[  249.552983]  ? __pfx_schedule_timeout+0x10/0x10
[  249.558349]  wait_for_completion+0x24/0x30
[  249.563295]  __wait_rcu_gp+0x125/0x130
[  249.567899]  synchronize_rcu+0xe9/0x100
[  249.572521]  ? __pfx_call_rcu_hurry+0x10/0x10
[  249.577739]  ? __pfx_wakeme_after_rcu+0x10/0x10
[  249.582951]  nf_tables_abort+0x2f9/0xd90 [nf_tables]
[  249.588699]  nfnetlink_rcv_batch+0x3a5/0xac0 [nfnetlink]
[  249.594706]  ? srso_alias_return_thunk+0x5/0xfbef5
[  249.600209]  ? __cond_resched+0x1a/0x50
[  249.604716]  ? srso_alias_return_thunk+0x5/0xfbef5
[  249.610375]  ? security_capable+0x3d/0x60
[  249.615035]  nfnetlink_rcv+0x118/0x150 [nfnetlink]
[  249.620541]  netlink_unicast+0x227/0x330
[  249.625269]  netlink_sendmsg+0x221/0x480
[  249.629990]  ? __check_object_size+0x5d/0x2f0
[  249.635082]  ____sys_sendmsg+0x3da/0x410
[  249.639988]  ? srso_alias_return_thunk+0x5/0xfbef5
[  249.645632]  ___sys_sendmsg+0x88/0xd0
[  249.649988]  ? __memcg_kmem_charge_page+0xda/0x1d0
[  249.655377]  ? srso_alias_return_thunk+0x5/0xfbef5
[  249.664292]  ? srso_alias_return_thunk+0x5/0xfbef5
[  249.669912]  ? __mod_memcg_lruvec_state+0xae/0x180
[  249.675662]  ? srso_alias_return_thunk+0x5/0xfbef5
[  249.681227]  __sys_sendmsg+0x65/0xc0
[  249.685499]  __x64_sys_sendmsg+0x1d/0x30
[  249.690231]  x64_sys_call+0x90a/0x20a0
[  249.694770]  do_syscall_64+0x7c/0x160
[  249.699127]  ? srso_alias_return_thunk+0x5/0xfbef5
[  249.704876]  ? do_fault+0x250/0x4e0
[  249.709120]  ? srso_alias_return_thunk+0x5/0xfbef5
[  249.714572]  ? __handle_mm_fault+0x391/0x1080
[  249.719732]  ? __sys_getsockopt+0x72/0xc0
[  249.725415]  ? srso_alias_return_thunk+0x5/0xfbef5
[  249.730931]  ? __count_memcg_events+0x6b/0x110
[  249.736082]  ? srso_alias_return_thunk+0x5/0xfbef5
[  249.741553]  ? handle_mm_fault+0x1fc/0x370
[  249.746420]  ? srso_alias_return_thunk+0x5/0xfbef5
[  249.751874]  ? do_user_addr_fault+0x345/0x640
[  249.756901]  ? srso_alias_return_thunk+0x5/0xfbef5
[  249.762289]  ? irqentry_exit_to_user_mode+0x7b/0x220
[  249.768301]  ? srso_alias_return_thunk+0x5/0xfbef5
[  249.774108]  ? irqentry_exit+0x1d/0x30
[  249.778691]  ? srso_alias_return_thunk+0x5/0xfbef5
[  249.784635]  ? exc_page_fault+0x80/0x160
[  249.789248]  entry_SYSCALL_64_after_hwframe+0x78/0x80
[  249.794916] RIP: 0033:0x750e90727967
[  249.799230] RSP: 002b:00007ffd24907618 EFLAGS: 00000246 ORIG_RAX: 000000000000002e
[  249.807854] RAX: ffffffffffffffda RBX: 0000000000000001 RCX: 0000750e90727967
[  249.815662] RDX: 0000000000000000 RSI: 00007ffd24918750 RDI: 0000000000000003
[  249.823837] RBP: 00007ffd249188a0 R08: 00007ffd249075f4 R09: 0000635c33a18b50
[  249.831733] R10: 0000750e909febc4 R11: 0000000000000246 R12: 0000000000000003
[  249.839744] R13: 00007ffd24918960 R14: 00007ffd24907630 R15: 0000000000000c00
[  249.847803]  </TASK>
[  370.786880] INFO: task systemd:1 blocked for more than 245 seconds.
[  370.789756]       Tainted: G        W          6.8.12-decui+ #13
[  370.791765] "echo 0 > /proc/sys/kernel/hung_task_timeout_secs" disables this message.
[  370.794934] task:systemd         state:D stack:0     pid:1     tgid:1     ppid:0      flags:0x00000002
[  370.798498] Call Trace:
[  370.799519]  <TASK>
[  370.800442]  __schedule+0x3f1/0x1640
[  370.801950]  ? __memcg_slab_post_alloc_hook+0x186/0x220
[  370.804404]  ? srso_alias_return_thunk+0x5/0xfbef5
[  370.806135]  schedule+0x2e/0xf0
[  370.807348]  schedule_timeout+0xe2/0xf0
[  370.808777]  ? srso_alias_return_thunk+0x5/0xfbef5
[  370.810536]  __wait_for_common+0x94/0x190
[  370.812050]  ? __pfx_schedule_timeout+0x10/0x10
[  370.813691]  wait_for_completion+0x24/0x30
[  370.815336]  __wait_rcu_gp+0x125/0x130
[  370.816749]  synchronize_rcu+0xe9/0x100
[  370.818194]  ? __pfx_call_rcu_hurry+0x10/0x10
[  370.820986]  ? __pfx_wakeme_after_rcu+0x10/0x10
[  370.823596]  rcu_sync_enter+0x89/0xe0
[  370.825593]  ? _kstrtoull+0x3b/0x90
[  370.828061]  percpu_down_write+0x2b/0x1a0
[  370.830124]  cgroup_procs_write_start+0xe9/0x160
[  370.831709]  __cgroup_procs_write+0x5d/0x160
[  370.833292]  cgroup_procs_write+0x17/0x30
[  370.834775]  cgroup_file_write+0x8d/0x180
[  370.836200]  ? __check_object_size+0x280/0x2f0
[  370.837768]  kernfs_fop_write_iter+0x13f/0x1c0
[  370.839496]  vfs_write+0x2f0/0x410
[  370.840812]  ksys_write+0x67/0xf0
[  370.842140]  __x64_sys_write+0x19/0x20
[  370.844688]  x64_sys_call+0x1669/0x20a0
[  370.846056]  do_syscall_64+0x7c/0x160
[  370.847375]  ? srso_alias_return_thunk+0x5/0xfbef5
[  370.849014]  ? do_user_addr_fault+0x345/0x640
[  370.850550]  ? srso_alias_return_thunk+0x5/0xfbef5
[  370.852203]  ? irqentry_exit_to_user_mode+0x7b/0x220
[  370.853959]  ? srso_alias_return_thunk+0x5/0xfbef5
[  370.855628]  ? irqentry_exit+0x1d/0x30
[  370.857376]  ? srso_alias_return_thunk+0x5/0xfbef5
[  370.859223]  ? exc_page_fault+0x80/0x160
[  370.860739]  entry_SYSCALL_64_after_hwframe+0x78/0x80
[  370.862489] RIP: 0033:0x753f3c714887
[  370.863994] RSP: 002b:00007fffa0084e68 EFLAGS: 00000246 ORIG_RAX: 0000000000000001
[  370.867042] RAX: ffffffffffffffda RBX: 0000000000000004 RCX: 0000753f3c714887
[  370.869456] RDX: 0000000000000004 RSI: 00007fffa0084ffa RDI: 0000000000000030
[  370.871924] RBP: 00007fffa0084ffa R08: 0000000000000004 R09: 00007fffa0084e80
[  370.874448] R10: 0000000000000000 R11: 0000000000000246 R12: 0000000000000004
[  370.879216] R13: 00005a9e6d3690e0 R14: 0000753f3c816a00 R15: 0000000000000004
[  370.882240]  </TASK>
[  370.883396] Future hung task reports are suppressed, see sysctl kernel.hung_task_warnings
                                                                                                                                                                                                                                                              